2017-04-22 00:12:43 DEBUG ConnectionPoolProvider:42 - getting pool impl url: jdbc:mysql://localhost:3306/webproject db name: webproject
2017-04-22 00:12:45 ERROR InvoiceServiceImpl:92 - transaction failed
2017-04-22 00:12:45 INFO  UserServiceImpl:39 - setting role to user: null
2017-04-22 00:12:45 DEBUG UserServiceImpl:43 - Mock for User, hashCode: 100929741
2017-04-22 00:13:42 DEBUG ConnectionPoolProvider:42 - getting pool impl url: jdbc:mysql://localhost:3306/webproject db name: webproject
2017-04-22 00:13:42 DEBUG EncodingFilter:23 - encoding: current language null
2017-04-22 00:13:42 INFO  FrontController:32 - user POST
2017-04-22 00:13:42 INFO  RequestProviderImpl:87 - found processor 
2017-04-22 00:13:42 INFO  UserServiceImpl:39 - setting role to user: admin
2017-04-22 00:13:42 DEBUG UserServiceImpl:43 - User{id=1,username='admin' firstName='null', lastName='null', email='tito@gmail.com', address='null',  role=admin}
2017-04-22 00:13:42 DEBUG SignIn:74 - User{id=1,username='admin' firstName='null', lastName='null', email='tito@gmail.com', address='null',  role=admin}
2017-04-22 00:13:42 INFO  SignIn:47 - after verifying users data
2017-04-22 00:13:42 INFO  UserServiceImpl:39 - setting role to user: admin
2017-04-22 00:13:42 DEBUG UserServiceImpl:43 - User{id=1,username='admin' firstName='null', lastName='null', email='tito@gmail.com', address='null',  role=admin}
2017-04-22 00:13:42 INFO  SignIn:49 - got redirect
2017-04-22 00:13:42 DEBUG EncodingFilter:23 - encoding: current language null
2017-04-22 00:13:42 INFO  HttpUtil:72 - getting user for session: 36C69E57FE1424D83216D265E0E6DAA6
2017-04-22 00:13:42 INFO  UserServiceImpl:39 - setting role to user: admin
2017-04-22 00:13:42 DEBUG UserServiceImpl:43 - User{id=1,username='admin' firstName='null', lastName='null', email='tito@gmail.com', address='null',  role=admin}
2017-04-22 00:13:42 INFO  FrontController:26 - user GET
2017-04-22 00:13:42 INFO  RequestProviderImpl:87 - found processor 
2017-04-22 00:13:43 DEBUG AuthorizationTag:29 - User{id=1,username='admin' firstName='null', lastName='null', email='tito@gmail.com', address='null',  role=admin}
2017-04-22 00:13:43 DEBUG AuthorizationTag:29 - User{id=1,username='admin' firstName='null', lastName='null', email='tito@gmail.com', address='null',  role=admin}
2017-04-22 00:13:46 DEBUG EncodingFilter:23 - encoding: current language null
2017-04-22 00:13:46 INFO  HttpUtil:72 - getting user for session: 36C69E57FE1424D83216D265E0E6DAA6
2017-04-22 00:13:46 INFO  UserServiceImpl:39 - setting role to user: admin
2017-04-22 00:13:46 DEBUG UserServiceImpl:43 - User{id=1,username='admin' firstName='null', lastName='null', email='tito@gmail.com', address='null',  role=admin}
2017-04-22 00:13:46 INFO  FrontController:26 - user GET
2017-04-22 00:13:46 INFO  RequestProviderImpl:87 - found processor 
2017-04-22 00:13:47 DEBUG AuthorizationTag:29 - User{id=1,username='admin' firstName='null', lastName='null', email='tito@gmail.com', address='null',  role=admin}
2017-04-22 00:13:47 DEBUG AuthorizationTag:29 - User{id=1,username='admin' firstName='null', lastName='null', email='tito@gmail.com', address='null',  role=admin}
2017-04-22 00:13:47 DEBUG AuthorizationTag:29 - User{id=1,username='admin' firstName='null', lastName='null', email='tito@gmail.com', address='null',  role=admin}
2017-04-22 00:13:47 DEBUG AuthorizationTag:29 - User{id=1,username='admin' firstName='null', lastName='null', email='tito@gmail.com', address='null',  role=admin}
2017-04-22 00:13:47 DEBUG AuthorizationTag:29 - User{id=1,username='admin' firstName='null', lastName='null', email='tito@gmail.com', address='null',  role=admin}
2017-04-22 00:13:47 DEBUG AuthorizationTag:29 - User{id=1,username='admin' firstName='null', lastName='null', email='tito@gmail.com', address='null',  role=admin}
2017-04-22 00:13:47 DEBUG AuthorizationTag:29 - User{id=1,username='admin' firstName='null', lastName='null', email='tito@gmail.com', address='null',  role=admin}
2017-04-22 00:13:47 DEBUG AuthorizationTag:29 - User{id=1,username='admin' firstName='null', lastName='null', email='tito@gmail.com', address='null',  role=admin}
2017-04-22 00:13:48 DEBUG EncodingFilter:23 - encoding: current language null
2017-04-22 00:13:48 INFO  HttpUtil:72 - getting user for session: 36C69E57FE1424D83216D265E0E6DAA6
2017-04-22 00:13:48 INFO  UserServiceImpl:39 - setting role to user: admin
2017-04-22 00:13:48 DEBUG UserServiceImpl:43 - User{id=1,username='admin' firstName='null', lastName='null', email='tito@gmail.com', address='null',  role=admin}
2017-04-22 00:13:48 INFO  FrontController:26 - user GET
2017-04-22 00:13:48 INFO  RequestProviderImpl:87 - found processor 
2017-04-22 00:13:48 DEBUG DisplayAllUsers:30 - find: 4 users
2017-04-22 00:13:49 DEBUG AuthorizationTag:29 - User{id=1,username='admin' firstName='null', lastName='null', email='tito@gmail.com', address='null',  role=admin}
2017-04-22 00:13:49 DEBUG AuthorizationTag:29 - User{id=1,username='admin' firstName='null', lastName='null', email='tito@gmail.com', address='null',  role=admin}
2017-04-22 00:13:51 DEBUG EncodingFilter:23 - encoding: current language en_EN
2017-04-22 00:13:51 INFO  HttpUtil:72 - getting user for session: 36C69E57FE1424D83216D265E0E6DAA6
2017-04-22 00:13:51 INFO  UserServiceImpl:39 - setting role to user: admin
2017-04-22 00:13:51 DEBUG UserServiceImpl:43 - User{id=1,username='admin' firstName='null', lastName='null', email='tito@gmail.com', address='null',  role=admin}
2017-04-22 00:13:51 INFO  FrontController:26 - user GET
2017-04-22 00:13:51 INFO  RequestProviderImpl:87 - found processor 
2017-04-22 00:13:51 DEBUG DisplayAllUsers:30 - find: 4 users
2017-04-22 00:13:51 DEBUG AuthorizationTag:29 - User{id=1,username='admin' firstName='null', lastName='null', email='tito@gmail.com', address='null',  role=admin}
2017-04-22 00:13:51 DEBUG AuthorizationTag:29 - User{id=1,username='admin' firstName='null', lastName='null', email='tito@gmail.com', address='null',  role=admin}
2017-04-22 00:13:52 DEBUG EncodingFilter:23 - encoding: current language null
2017-04-22 00:13:52 INFO  HttpUtil:72 - getting user for session: 36C69E57FE1424D83216D265E0E6DAA6
2017-04-22 00:13:52 INFO  UserServiceImpl:39 - setting role to user: admin
2017-04-22 00:13:52 DEBUG UserServiceImpl:43 - User{id=1,username='admin' firstName='null', lastName='null', email='tito@gmail.com', address='null',  role=admin}
2017-04-22 00:13:52 INFO  FrontController:26 - user GET
2017-04-22 00:13:52 INFO  RequestProviderImpl:87 - found processor 
2017-04-22 00:13:52 DEBUG AuthorizationTag:29 - User{id=1,username='admin' firstName='null', lastName='null', email='tito@gmail.com', address='null',  role=admin}
2017-04-22 00:13:52 DEBUG AuthorizationTag:29 - User{id=1,username='admin' firstName='null', lastName='null', email='tito@gmail.com', address='null',  role=admin}
2017-04-22 00:13:52 DEBUG AuthorizationTag:29 - User{id=1,username='admin' firstName='null', lastName='null', email='tito@gmail.com', address='null',  role=admin}
2017-04-22 00:13:52 DEBUG AuthorizationTag:29 - User{id=1,username='admin' firstName='null', lastName='null', email='tito@gmail.com', address='null',  role=admin}
2017-04-22 00:13:52 DEBUG AuthorizationTag:29 - User{id=1,username='admin' firstName='null', lastName='null', email='tito@gmail.com', address='null',  role=admin}
2017-04-22 00:13:52 DEBUG AuthorizationTag:29 - User{id=1,username='admin' firstName='null', lastName='null', email='tito@gmail.com', address='null',  role=admin}
2017-04-22 00:13:52 DEBUG AuthorizationTag:29 - User{id=1,username='admin' firstName='null', lastName='null', email='tito@gmail.com', address='null',  role=admin}
2017-04-22 00:13:52 DEBUG AuthorizationTag:29 - User{id=1,username='admin' firstName='null', lastName='null', email='tito@gmail.com', address='null',  role=admin}
2017-04-22 00:13:53 DEBUG EncodingFilter:23 - encoding: current language null
2017-04-22 00:13:53 INFO  HttpUtil:72 - getting user for session: 36C69E57FE1424D83216D265E0E6DAA6
2017-04-22 00:13:53 INFO  UserServiceImpl:39 - setting role to user: admin
2017-04-22 00:13:53 DEBUG UserServiceImpl:43 - User{id=1,username='admin' firstName='null', lastName='null', email='tito@gmail.com', address='null',  role=admin}
2017-04-22 00:13:53 INFO  FrontController:26 - user GET
2017-04-22 00:13:53 INFO  RequestProviderImpl:87 - found processor 
2017-04-22 00:13:53 DEBUG AuthorizationTag:29 - User{id=1,username='admin' firstName='null', lastName='null', email='tito@gmail.com', address='null',  role=admin}
2017-04-22 00:13:53 DEBUG AuthorizationTag:29 - User{id=1,username='admin' firstName='null', lastName='null', email='tito@gmail.com', address='null',  role=admin}
2017-04-22 00:13:56 DEBUG EncodingFilter:23 - encoding: current language null
2017-04-22 00:13:56 INFO  HttpUtil:72 - getting user for session: 36C69E57FE1424D83216D265E0E6DAA6
2017-04-22 00:13:56 INFO  UserServiceImpl:39 - setting role to user: admin
2017-04-22 00:13:56 DEBUG UserServiceImpl:43 - User{id=1,username='admin' firstName='null', lastName='null', email='tito@gmail.com', address='null',  role=admin}
2017-04-22 00:13:56 INFO  FrontController:26 - user GET
2017-04-22 00:13:56 INFO  RequestProviderImpl:87 - found processor 
2017-04-22 00:13:56 DEBUG AuthorizationTag:29 - User{id=1,username='admin' firstName='null', lastName='null', email='tito@gmail.com', address='null',  role=admin}
2017-04-22 00:13:56 DEBUG AuthorizationTag:29 - User{id=1,username='admin' firstName='null', lastName='null', email='tito@gmail.com', address='null',  role=admin}
2017-04-22 00:13:56 DEBUG AuthorizationTag:29 - User{id=1,username='admin' firstName='null', lastName='null', email='tito@gmail.com', address='null',  role=admin}
2017-04-22 00:13:56 DEBUG AuthorizationTag:29 - User{id=1,username='admin' firstName='null', lastName='null', email='tito@gmail.com', address='null',  role=admin}
2017-04-22 00:13:56 DEBUG AuthorizationTag:29 - User{id=1,username='admin' firstName='null', lastName='null', email='tito@gmail.com', address='null',  role=admin}
2017-04-22 00:13:56 DEBUG AuthorizationTag:29 - User{id=1,username='admin' firstName='null', lastName='null', email='tito@gmail.com', address='null',  role=admin}
2017-04-22 00:13:56 DEBUG AuthorizationTag:29 - User{id=1,username='admin' firstName='null', lastName='null', email='tito@gmail.com', address='null',  role=admin}
2017-04-22 00:13:56 DEBUG AuthorizationTag:29 - User{id=1,username='admin' firstName='null', lastName='null', email='tito@gmail.com', address='null',  role=admin}
2017-04-22 00:13:57 DEBUG EncodingFilter:23 - encoding: current language null
2017-04-22 00:13:57 INFO  HttpUtil:72 - getting user for session: 36C69E57FE1424D83216D265E0E6DAA6
2017-04-22 00:13:57 INFO  UserServiceImpl:39 - setting role to user: admin
2017-04-22 00:13:57 DEBUG UserServiceImpl:43 - User{id=1,username='admin' firstName='null', lastName='null', email='tito@gmail.com', address='null',  role=admin}
2017-04-22 00:13:57 INFO  FrontController:26 - user GET
2017-04-22 00:13:57 INFO  RequestProviderImpl:87 - found processor 
2017-04-22 00:13:57 DEBUG DisplayAllUsers:30 - find: 4 users
2017-04-22 00:13:57 DEBUG AuthorizationTag:29 - User{id=1,username='admin' firstName='null', lastName='null', email='tito@gmail.com', address='null',  role=admin}
2017-04-22 00:13:57 DEBUG AuthorizationTag:29 - User{id=1,username='admin' firstName='null', lastName='null', email='tito@gmail.com', address='null',  role=admin}
2017-04-22 00:14:01 DEBUG EncodingFilter:23 - encoding: current language null
2017-04-22 00:14:01 INFO  HttpUtil:72 - getting user for session: 36C69E57FE1424D83216D265E0E6DAA6
2017-04-22 00:14:01 INFO  UserServiceImpl:39 - setting role to user: admin
2017-04-22 00:14:01 DEBUG UserServiceImpl:43 - User{id=1,username='admin' firstName='null', lastName='null', email='tito@gmail.com', address='null',  role=admin}
2017-04-22 00:14:01 INFO  FrontController:26 - user GET
2017-04-22 00:14:01 INFO  RequestProviderImpl:87 - found processor 
2017-04-22 00:14:01 INFO  HttpUtil:72 - getting user for session: 36C69E57FE1424D83216D265E0E6DAA6
2017-04-22 00:14:01 DEBUG AuthorizationTag:29 - User{id=1,username='admin' firstName='null', lastName='null', email='tito@gmail.com', address='null',  role=admin}
2017-04-22 00:14:01 DEBUG AuthorizationTag:29 - User{id=1,username='admin' firstName='null', lastName='null', email='tito@gmail.com', address='null',  role=admin}
2017-04-22 00:16:04 DEBUG EncodingFilter:23 - encoding: current language null
2017-04-22 00:16:04 INFO  HttpUtil:72 - getting user for session: 36C69E57FE1424D83216D265E0E6DAA6
2017-04-22 00:16:04 INFO  UserServiceImpl:39 - setting role to user: admin
2017-04-22 00:16:04 DEBUG UserServiceImpl:43 - User{id=1,username='admin' firstName='null', lastName='null', email='tito@gmail.com', address='null',  role=admin}
2017-04-22 00:16:04 INFO  FrontController:26 - user GET
2017-04-22 00:16:04 INFO  RequestProviderImpl:87 - found processor 
2017-04-22 00:16:06 DEBUG EncodingFilter:23 - encoding: current language null
2017-04-22 00:16:06 INFO  FrontController:26 - user GET
2017-04-22 00:16:06 INFO  RequestProviderImpl:87 - found processor 
2017-04-22 00:16:19 DEBUG EncodingFilter:23 - encoding: current language null
2017-04-22 00:16:19 INFO  FrontController:32 - user POST
2017-04-22 00:16:19 INFO  RequestProviderImpl:87 - found processor 
2017-04-22 00:16:19 DEBUG AjaxFormValidation:44 - ajax entityId: null
2017-04-22 00:16:23 DEBUG EncodingFilter:23 - encoding: current language null
2017-04-22 00:16:23 INFO  FrontController:32 - user POST
2017-04-22 00:16:23 INFO  RequestProviderImpl:87 - found processor 
2017-04-22 00:16:23 DEBUG AjaxFormValidation:44 - ajax entityId: null
2017-04-22 00:16:26 DEBUG EncodingFilter:23 - encoding: current language null
2017-04-22 00:16:26 INFO  FrontController:32 - user POST
2017-04-22 00:16:26 INFO  RequestProviderImpl:87 - found processor 
2017-04-22 00:16:26 DEBUG CreateUser:94 - user is builded user: 
2017-04-22 00:16:26 DEBUG CreateUser:95 - User{id=null,username='user4' firstName='null', lastName='null', email='user4@mail.ru', address='null',  role=null}
2017-04-22 00:16:33 DEBUG EncodingFilter:23 - encoding: current language null
2017-04-22 00:16:33 INFO  FrontController:32 - user POST
2017-04-22 00:16:33 INFO  RequestProviderImpl:87 - found processor 
2017-04-22 00:16:33 INFO  UserServiceImpl:39 - setting role to user: user4
2017-04-22 00:16:33 DEBUG UserServiceImpl:43 - User{id=5,username='user4' firstName='null', lastName='null', email='user4@mail.ru', address='null',  role=subscriber}
2017-04-22 00:16:33 DEBUG SignIn:74 - User{id=5,username='user4' firstName='null', lastName='null', email='user4@mail.ru', address='null',  role=subscriber}
2017-04-22 00:16:33 INFO  SignIn:47 - after verifying users data
2017-04-22 00:16:33 INFO  UserServiceImpl:39 - setting role to user: user4
2017-04-22 00:16:34 DEBUG UserServiceImpl:43 - User{id=5,username='user4' firstName='null', lastName='null', email='user4@mail.ru', address='null',  role=subscriber}
2017-04-22 00:16:34 INFO  SignIn:49 - got redirect
2017-04-22 00:16:34 DEBUG EncodingFilter:23 - encoding: current language null
2017-04-22 00:16:34 INFO  HttpUtil:72 - getting user for session: AE5B9733337EF0C4E07A03CAED2EE850
2017-04-22 00:16:34 INFO  UserServiceImpl:39 - setting role to user: user4
2017-04-22 00:16:34 DEBUG UserServiceImpl:43 - User{id=5,username='user4' firstName='null', lastName='null', email='user4@mail.ru', address='null',  role=subscriber}
2017-04-22 00:16:34 INFO  FrontController:26 - user GET
2017-04-22 00:16:34 INFO  RequestProviderImpl:87 - found processor 
2017-04-22 00:16:34 INFO  HttpUtil:72 - getting user for session: AE5B9733337EF0C4E07A03CAED2EE850
2017-04-22 00:16:34 DEBUG AuthorizationTag:29 - User{id=5,username='user4' firstName='null', lastName='null', email='user4@mail.ru', address='null',  role=subscriber}
2017-04-22 00:16:34 DEBUG AuthorizationTag:29 - User{id=5,username='user4' firstName='null', lastName='null', email='user4@mail.ru', address='null',  role=subscriber}
2017-04-22 00:16:38 DEBUG EncodingFilter:23 - encoding: current language null
2017-04-22 00:16:38 INFO  HttpUtil:72 - getting user for session: AE5B9733337EF0C4E07A03CAED2EE850
2017-04-22 00:16:38 INFO  UserServiceImpl:39 - setting role to user: user4
2017-04-22 00:16:38 DEBUG UserServiceImpl:43 - User{id=5,username='user4' firstName='null', lastName='null', email='user4@mail.ru', address='null',  role=subscriber}
2017-04-22 00:16:38 INFO  FrontController:26 - user GET
2017-04-22 00:16:38 INFO  RequestProviderImpl:87 - found processor 
2017-04-22 00:16:38 DEBUG AuthorizationTag:29 - User{id=5,username='user4' firstName='null', lastName='null', email='user4@mail.ru', address='null',  role=subscriber}
2017-04-22 00:16:38 DEBUG AuthorizationTag:29 - User{id=5,username='user4' firstName='null', lastName='null', email='user4@mail.ru', address='null',  role=subscriber}
2017-04-22 00:16:38 DEBUG AuthorizationTag:29 - User{id=5,username='user4' firstName='null', lastName='null', email='user4@mail.ru', address='null',  role=subscriber}
2017-04-22 00:16:38 DEBUG AuthorizationTag:29 - User{id=5,username='user4' firstName='null', lastName='null', email='user4@mail.ru', address='null',  role=subscriber}
2017-04-22 00:16:38 DEBUG AuthorizationTag:29 - User{id=5,username='user4' firstName='null', lastName='null', email='user4@mail.ru', address='null',  role=subscriber}
2017-04-22 00:16:38 DEBUG AuthorizationTag:29 - User{id=5,username='user4' firstName='null', lastName='null', email='user4@mail.ru', address='null',  role=subscriber}
2017-04-22 00:16:38 DEBUG AuthorizationTag:29 - User{id=5,username='user4' firstName='null', lastName='null', email='user4@mail.ru', address='null',  role=subscriber}
2017-04-22 00:16:38 DEBUG AuthorizationTag:29 - User{id=5,username='user4' firstName='null', lastName='null', email='user4@mail.ru', address='null',  role=subscriber}
2017-04-22 00:16:41 DEBUG EncodingFilter:23 - encoding: current language null
2017-04-22 00:16:41 INFO  HttpUtil:72 - getting user for session: AE5B9733337EF0C4E07A03CAED2EE850
2017-04-22 00:16:41 INFO  UserServiceImpl:39 - setting role to user: user4
2017-04-22 00:16:41 DEBUG UserServiceImpl:43 - User{id=5,username='user4' firstName='null', lastName='null', email='user4@mail.ru', address='null',  role=subscriber}
2017-04-22 00:16:41 INFO  FrontController:26 - user GET
2017-04-22 00:16:41 INFO  RequestProviderImpl:87 - found processor 
2017-04-22 00:16:41 INFO  HttpUtil:72 - getting user for session: AE5B9733337EF0C4E07A03CAED2EE850
2017-04-22 00:16:41 INFO  UserServiceImpl:39 - setting role to user: user4
2017-04-22 00:16:41 DEBUG UserServiceImpl:43 - User{id=5,username='user4' firstName='null', lastName='null', email='user4@mail.ru', address='null',  role=subscriber}
2017-04-22 00:16:42 DEBUG AuthorizationTag:29 - User{id=5,username='user4' firstName='null', lastName='null', email='user4@mail.ru', address='null',  role=subscriber}
2017-04-22 00:16:42 DEBUG AuthorizationTag:29 - User{id=5,username='user4' firstName='null', lastName='null', email='user4@mail.ru', address='null',  role=subscriber}
2017-04-22 00:16:42 DEBUG AuthorizationTag:29 - User{id=5,username='user4' firstName='null', lastName='null', email='user4@mail.ru', address='null',  role=subscriber}
2017-04-22 00:16:42 DEBUG AuthorizationTag:29 - User{id=5,username='user4' firstName='null', lastName='null', email='user4@mail.ru', address='null',  role=subscriber}
2017-04-22 00:16:42 DEBUG AuthorizationTag:29 - User{id=5,username='user4' firstName='null', lastName='null', email='user4@mail.ru', address='null',  role=subscriber}
2017-04-22 00:16:44 DEBUG EncodingFilter:23 - encoding: current language null
2017-04-22 00:16:44 INFO  HttpUtil:72 - getting user for session: AE5B9733337EF0C4E07A03CAED2EE850
2017-04-22 00:16:44 INFO  UserServiceImpl:39 - setting role to user: user4
2017-04-22 00:16:44 DEBUG UserServiceImpl:43 - User{id=5,username='user4' firstName='null', lastName='null', email='user4@mail.ru', address='null',  role=subscriber}
2017-04-22 00:16:44 INFO  HttpUtil:72 - getting user for session: AE5B9733337EF0C4E07A03CAED2EE850
2017-04-22 00:16:44 INFO  FrontController:32 - user POST
2017-04-22 00:16:44 INFO  RequestProviderImpl:87 - found processor 
2017-04-22 00:16:45 DEBUG EncodingFilter:23 - encoding: current language null
2017-04-22 00:16:45 INFO  HttpUtil:72 - getting user for session: AE5B9733337EF0C4E07A03CAED2EE850
2017-04-22 00:16:45 INFO  UserServiceImpl:39 - setting role to user: user4
2017-04-22 00:16:45 DEBUG UserServiceImpl:43 - User{id=5,username='user4' firstName='null', lastName='null', email='user4@mail.ru', address='null',  role=subscriber}
2017-04-22 00:16:45 INFO  FrontController:26 - user GET
2017-04-22 00:16:45 INFO  RequestProviderImpl:87 - found processor 
2017-04-22 00:16:45 INFO  HttpUtil:72 - getting user for session: AE5B9733337EF0C4E07A03CAED2EE850
2017-04-22 00:16:45 INFO  UserServiceImpl:39 - setting role to user: user4
2017-04-22 00:16:45 DEBUG UserServiceImpl:43 - User{id=5,username='user4' firstName='null', lastName='null', email='user4@mail.ru', address='null',  role=subscriber}
2017-04-22 00:16:45 DEBUG AuthorizationTag:29 - User{id=5,username='user4' firstName='null', lastName='null', email='user4@mail.ru', address='null',  role=subscriber}
2017-04-22 00:16:45 DEBUG AuthorizationTag:29 - User{id=5,username='user4' firstName='null', lastName='null', email='user4@mail.ru', address='null',  role=subscriber}
2017-04-22 00:16:45 DEBUG AuthorizationTag:29 - User{id=5,username='user4' firstName='null', lastName='null', email='user4@mail.ru', address='null',  role=subscriber}
2017-04-22 00:16:45 DEBUG AuthorizationTag:29 - User{id=5,username='user4' firstName='null', lastName='null', email='user4@mail.ru', address='null',  role=subscriber}
2017-04-22 00:16:45 DEBUG AuthorizationTag:29 - User{id=5,username='user4' firstName='null', lastName='null', email='user4@mail.ru', address='null',  role=subscriber}
2017-04-22 00:16:47 DEBUG EncodingFilter:23 - encoding: current language en_EN
2017-04-22 00:16:47 INFO  HttpUtil:72 - getting user for session: AE5B9733337EF0C4E07A03CAED2EE850
2017-04-22 00:16:47 INFO  UserServiceImpl:39 - setting role to user: user4
2017-04-22 00:16:47 DEBUG UserServiceImpl:43 - User{id=5,username='user4' firstName='null', lastName='null', email='user4@mail.ru', address='null',  role=subscriber}
2017-04-22 00:16:47 INFO  FrontController:26 - user GET
2017-04-22 00:16:47 INFO  RequestProviderImpl:87 - found processor 
2017-04-22 00:16:47 INFO  HttpUtil:72 - getting user for session: AE5B9733337EF0C4E07A03CAED2EE850
2017-04-22 00:16:47 INFO  UserServiceImpl:39 - setting role to user: user4
2017-04-22 00:16:47 DEBUG UserServiceImpl:43 - User{id=5,username='user4' firstName='null', lastName='null', email='user4@mail.ru', address='null',  role=subscriber}
2017-04-22 00:16:47 DEBUG AuthorizationTag:29 - User{id=5,username='user4' firstName='null', lastName='null', email='user4@mail.ru', address='null',  role=subscriber}
2017-04-22 00:16:47 DEBUG AuthorizationTag:29 - User{id=5,username='user4' firstName='null', lastName='null', email='user4@mail.ru', address='null',  role=subscriber}
2017-04-22 00:16:47 DEBUG AuthorizationTag:29 - User{id=5,username='user4' firstName='null', lastName='null', email='user4@mail.ru', address='null',  role=subscriber}
2017-04-22 00:16:47 DEBUG AuthorizationTag:29 - User{id=5,username='user4' firstName='null', lastName='null', email='user4@mail.ru', address='null',  role=subscriber}
2017-04-22 00:16:47 DEBUG AuthorizationTag:29 - User{id=5,username='user4' firstName='null', lastName='null', email='user4@mail.ru', address='null',  role=subscriber}
2017-04-22 00:16:49 DEBUG EncodingFilter:23 - encoding: current language null
2017-04-22 00:16:49 INFO  HttpUtil:72 - getting user for session: AE5B9733337EF0C4E07A03CAED2EE850
2017-04-22 00:16:49 INFO  UserServiceImpl:39 - setting role to user: user4
2017-04-22 00:16:49 DEBUG UserServiceImpl:43 - User{id=5,username='user4' firstName='null', lastName='null', email='user4@mail.ru', address='null',  role=subscriber}
2017-04-22 00:16:49 INFO  FrontController:26 - user GET
2017-04-22 00:16:49 INFO  RequestProviderImpl:87 - found processor 
2017-04-22 00:16:49 INFO  HttpUtil:72 - getting user for session: AE5B9733337EF0C4E07A03CAED2EE850
2017-04-22 00:16:49 DEBUG AuthorizationTag:29 - User{id=5,username='user4' firstName='null', lastName='null', email='user4@mail.ru', address='null',  role=subscriber}
2017-04-22 00:16:49 DEBUG AuthorizationTag:29 - User{id=5,username='user4' firstName='null', lastName='null', email='user4@mail.ru', address='null',  role=subscriber}
2017-04-22 00:16:52 DEBUG EncodingFilter:23 - encoding: current language null
2017-04-22 00:16:52 INFO  HttpUtil:72 - getting user for session: AE5B9733337EF0C4E07A03CAED2EE850
2017-04-22 00:16:52 INFO  UserServiceImpl:39 - setting role to user: user4
2017-04-22 00:16:52 DEBUG UserServiceImpl:43 - User{id=5,username='user4' firstName='null', lastName='null', email='user4@mail.ru', address='null',  role=subscriber}
2017-04-22 00:16:52 INFO  HttpUtil:72 - getting user for session: AE5B9733337EF0C4E07A03CAED2EE850
2017-04-22 00:16:52 INFO  FrontController:32 - user POST
2017-04-22 00:16:52 INFO  RequestProviderImpl:87 - found processor 
2017-04-22 00:16:52 DEBUG EncodingFilter:23 - encoding: current language null
2017-04-22 00:16:52 INFO  HttpUtil:72 - getting user for session: AE5B9733337EF0C4E07A03CAED2EE850
2017-04-22 00:16:52 INFO  UserServiceImpl:39 - setting role to user: user4
2017-04-22 00:16:52 DEBUG UserServiceImpl:43 - User{id=5,username='user4' firstName='null', lastName='null', email='user4@mail.ru', address='null',  role=subscriber}
2017-04-22 00:16:52 INFO  FrontController:26 - user GET
2017-04-22 00:16:52 INFO  RequestProviderImpl:87 - found processor 
2017-04-22 00:16:52 INFO  HttpUtil:72 - getting user for session: AE5B9733337EF0C4E07A03CAED2EE850
2017-04-22 00:16:52 DEBUG AuthorizationTag:29 - User{id=5,username='user4' firstName='null', lastName='null', email='user4@mail.ru', address='null',  role=subscriber}
2017-04-22 00:16:52 DEBUG AuthorizationTag:29 - User{id=5,username='user4' firstName='null', lastName='null', email='user4@mail.ru', address='null',  role=subscriber}
2017-04-22 00:23:17 DEBUG EncodingFilter:23 - encoding: current language null
2017-04-22 00:23:17 INFO  HttpUtil:72 - getting user for session: AE5B9733337EF0C4E07A03CAED2EE850
2017-04-22 00:23:17 INFO  UserServiceImpl:39 - setting role to user: user4
2017-04-22 00:23:17 DEBUG UserServiceImpl:43 - User{id=5,username='user4' firstName='null', lastName='null', email='user4@mail.ru', address='null',  role=subscriber}
2017-04-22 00:23:17 INFO  FrontController:26 - user GET
2017-04-22 00:23:17 INFO  RequestProviderImpl:87 - found processor 
2017-04-22 00:23:17 DEBUG AuthorizationTag:29 - User{id=5,username='user4' firstName='null', lastName='null', email='user4@mail.ru', address='null',  role=subscriber}
2017-04-22 00:23:17 DEBUG AuthorizationTag:29 - User{id=5,username='user4' firstName='null', lastName='null', email='user4@mail.ru', address='null',  role=subscriber}
2017-04-22 00:23:17 DEBUG AuthorizationTag:29 - User{id=5,username='user4' firstName='null', lastName='null', email='user4@mail.ru', address='null',  role=subscriber}
2017-04-22 00:23:17 DEBUG AuthorizationTag:29 - User{id=5,username='user4' firstName='null', lastName='null', email='user4@mail.ru', address='null',  role=subscriber}
2017-04-22 00:23:17 DEBUG AuthorizationTag:29 - User{id=5,username='user4' firstName='null', lastName='null', email='user4@mail.ru', address='null',  role=subscriber}
2017-04-22 00:23:17 DEBUG AuthorizationTag:29 - User{id=5,username='user4' firstName='null', lastName='null', email='user4@mail.ru', address='null',  role=subscriber}
2017-04-22 00:23:17 DEBUG AuthorizationTag:29 - User{id=5,username='user4' firstName='null', lastName='null', email='user4@mail.ru', address='null',  role=subscriber}
2017-04-22 00:23:17 DEBUG AuthorizationTag:29 - User{id=5,username='user4' firstName='null', lastName='null', email='user4@mail.ru', address='null',  role=subscriber}
2017-04-22 00:23:18 DEBUG EncodingFilter:23 - encoding: current language ru_RU
2017-04-22 00:23:18 INFO  HttpUtil:72 - getting user for session: AE5B9733337EF0C4E07A03CAED2EE850
2017-04-22 00:23:18 INFO  UserServiceImpl:39 - setting role to user: user4
2017-04-22 00:23:18 DEBUG UserServiceImpl:43 - User{id=5,username='user4' firstName='null', lastName='null', email='user4@mail.ru', address='null',  role=subscriber}
2017-04-22 00:23:18 INFO  FrontController:26 - user GET
2017-04-22 00:23:18 INFO  RequestProviderImpl:87 - found processor 
2017-04-22 00:23:18 DEBUG AuthorizationTag:29 - User{id=5,username='user4' firstName='null', lastName='null', email='user4@mail.ru', address='null',  role=subscriber}
2017-04-22 00:23:18 DEBUG AuthorizationTag:29 - User{id=5,username='user4' firstName='null', lastName='null', email='user4@mail.ru', address='null',  role=subscriber}
2017-04-22 00:23:18 DEBUG AuthorizationTag:29 - User{id=5,username='user4' firstName='null', lastName='null', email='user4@mail.ru', address='null',  role=subscriber}
2017-04-22 00:23:18 DEBUG AuthorizationTag:29 - User{id=5,username='user4' firstName='null', lastName='null', email='user4@mail.ru', address='null',  role=subscriber}
2017-04-22 00:23:18 DEBUG AuthorizationTag:29 - User{id=5,username='user4' firstName='null', lastName='null', email='user4@mail.ru', address='null',  role=subscriber}
2017-04-22 00:23:18 DEBUG AuthorizationTag:29 - User{id=5,username='user4' firstName='null', lastName='null', email='user4@mail.ru', address='null',  role=subscriber}
2017-04-22 00:23:18 DEBUG AuthorizationTag:29 - User{id=5,username='user4' firstName='null', lastName='null', email='user4@mail.ru', address='null',  role=subscriber}
2017-04-22 00:23:18 DEBUG AuthorizationTag:29 - User{id=5,username='user4' firstName='null', lastName='null', email='user4@mail.ru', address='null',  role=subscriber}
2017-04-22 00:23:22 DEBUG EncodingFilter:23 - encoding: current language en_EN
2017-04-22 00:23:22 INFO  HttpUtil:72 - getting user for session: AE5B9733337EF0C4E07A03CAED2EE850
2017-04-22 00:23:22 INFO  UserServiceImpl:39 - setting role to user: user4
2017-04-22 00:23:22 DEBUG UserServiceImpl:43 - User{id=5,username='user4' firstName='null', lastName='null', email='user4@mail.ru', address='null',  role=subscriber}
2017-04-22 00:23:22 INFO  FrontController:26 - user GET
2017-04-22 00:23:22 INFO  RequestProviderImpl:87 - found processor 
2017-04-22 00:23:22 DEBUG AuthorizationTag:29 - User{id=5,username='user4' firstName='null', lastName='null', email='user4@mail.ru', address='null',  role=subscriber}
2017-04-22 00:23:22 DEBUG AuthorizationTag:29 - User{id=5,username='user4' firstName='null', lastName='null', email='user4@mail.ru', address='null',  role=subscriber}
2017-04-22 00:23:22 DEBUG AuthorizationTag:29 - User{id=5,username='user4' firstName='null', lastName='null', email='user4@mail.ru', address='null',  role=subscriber}
2017-04-22 00:23:22 DEBUG AuthorizationTag:29 - User{id=5,username='user4' firstName='null', lastName='null', email='user4@mail.ru', address='null',  role=subscriber}
2017-04-22 00:23:22 DEBUG AuthorizationTag:29 - User{id=5,username='user4' firstName='null', lastName='null', email='user4@mail.ru', address='null',  role=subscriber}
2017-04-22 00:23:22 DEBUG AuthorizationTag:29 - User{id=5,username='user4' firstName='null', lastName='null', email='user4@mail.ru', address='null',  role=subscriber}
2017-04-22 00:23:22 DEBUG AuthorizationTag:29 - User{id=5,username='user4' firstName='null', lastName='null', email='user4@mail.ru', address='null',  role=subscriber}
2017-04-22 00:23:22 DEBUG AuthorizationTag:29 - User{id=5,username='user4' firstName='null', lastName='null', email='user4@mail.ru', address='null',  role=subscriber}
2017-04-22 00:23:25 DEBUG EncodingFilter:23 - encoding: current language ru_RU
2017-04-22 00:23:25 INFO  HttpUtil:72 - getting user for session: AE5B9733337EF0C4E07A03CAED2EE850
2017-04-22 00:23:25 INFO  UserServiceImpl:39 - setting role to user: user4
2017-04-22 00:23:25 DEBUG UserServiceImpl:43 - User{id=5,username='user4' firstName='null', lastName='null', email='user4@mail.ru', address='null',  role=subscriber}
2017-04-22 00:23:25 INFO  FrontController:26 - user GET
2017-04-22 00:23:25 INFO  RequestProviderImpl:87 - found processor 
2017-04-22 00:23:25 DEBUG AuthorizationTag:29 - User{id=5,username='user4' firstName='null', lastName='null', email='user4@mail.ru', address='null',  role=subscriber}
2017-04-22 00:23:25 DEBUG AuthorizationTag:29 - User{id=5,username='user4' firstName='null', lastName='null', email='user4@mail.ru', address='null',  role=subscriber}
2017-04-22 00:23:25 DEBUG AuthorizationTag:29 - User{id=5,username='user4' firstName='null', lastName='null', email='user4@mail.ru', address='null',  role=subscriber}
2017-04-22 00:23:25 DEBUG AuthorizationTag:29 - User{id=5,username='user4' firstName='null', lastName='null', email='user4@mail.ru', address='null',  role=subscriber}
2017-04-22 00:23:25 DEBUG AuthorizationTag:29 - User{id=5,username='user4' firstName='null', lastName='null', email='user4@mail.ru', address='null',  role=subscriber}
2017-04-22 00:23:25 DEBUG AuthorizationTag:29 - User{id=5,username='user4' firstName='null', lastName='null', email='user4@mail.ru', address='null',  role=subscriber}
2017-04-22 00:23:25 DEBUG AuthorizationTag:29 - User{id=5,username='user4' firstName='null', lastName='null', email='user4@mail.ru', address='null',  role=subscriber}
2017-04-22 00:23:25 DEBUG AuthorizationTag:29 - User{id=5,username='user4' firstName='null', lastName='null', email='user4@mail.ru', address='null',  role=subscriber}
2017-04-22 00:23:30 DEBUG EncodingFilter:23 - encoding: current language null
2017-04-22 00:23:30 INFO  HttpUtil:72 - getting user for session: AE5B9733337EF0C4E07A03CAED2EE850
2017-04-22 00:23:30 INFO  UserServiceImpl:39 - setting role to user: user4
2017-04-22 00:23:30 DEBUG UserServiceImpl:43 - User{id=5,username='user4' firstName='null', lastName='null', email='user4@mail.ru', address='null',  role=subscriber}
2017-04-22 00:23:30 INFO  FrontController:26 - user GET
2017-04-22 00:23:30 INFO  RequestProviderImpl:87 - found processor 
2017-04-22 00:23:30 INFO  HttpUtil:72 - getting user for session: AE5B9733337EF0C4E07A03CAED2EE850
2017-04-22 00:23:30 DEBUG AuthorizationTag:29 - User{id=5,username='user4' firstName='null', lastName='null', email='user4@mail.ru', address='null',  role=subscriber}
2017-04-22 00:23:30 DEBUG AuthorizationTag:29 - User{id=5,username='user4' firstName='null', lastName='null', email='user4@mail.ru', address='null',  role=subscriber}
2017-04-22 00:23:45 DEBUG EncodingFilter:23 - encoding: current language null
2017-04-22 00:23:45 INFO  HttpUtil:72 - getting user for session: AE5B9733337EF0C4E07A03CAED2EE850
2017-04-22 00:23:45 INFO  UserServiceImpl:39 - setting role to user: user4
2017-04-22 00:23:45 DEBUG UserServiceImpl:43 - User{id=5,username='user4' firstName='null', lastName='null', email='user4@mail.ru', address='null',  role=subscriber}
2017-04-22 00:23:45 INFO  FrontController:26 - user GET
2017-04-22 00:23:45 INFO  RequestProviderImpl:87 - found processor 
2017-04-22 00:23:51 DEBUG EncodingFilter:23 - encoding: current language null
2017-04-22 00:23:51 INFO  FrontController:26 - user GET
2017-04-22 00:23:51 INFO  RequestProviderImpl:87 - found processor 
2017-04-22 00:26:36 DEBUG ConnectionPoolProvider:42 - getting pool impl url: jdbc:mysql://localhost:3306/webproject db name: webproject
2017-04-22 00:26:37 DEBUG EncodingFilter:23 - encoding: current language null
2017-04-22 00:26:37 INFO  FrontController:26 - user GET
2017-04-22 00:26:37 INFO  RequestProviderImpl:87 - found processor 
2017-04-22 00:26:45 DEBUG EncodingFilter:23 - encoding: current language null
2017-04-22 00:26:45 INFO  HttpUtil:72 - getting user for session: 84FB6D03AFB36AEA87F5AF6E2848DA32
2017-04-22 00:26:55 DEBUG EncodingFilter:23 - encoding: current language null
2017-04-22 00:26:55 INFO  HttpUtil:72 - getting user for session: 84FB6D03AFB36AEA87F5AF6E2848DA32
2017-04-22 00:27:12 DEBUG EncodingFilter:23 - encoding: current language null
2017-04-22 00:27:12 INFO  FrontController:32 - user POST
2017-04-22 00:27:12 INFO  RequestProviderImpl:87 - found processor 
2017-04-22 00:27:12 INFO  UserServiceImpl:39 - setting role to user: admin
2017-04-22 00:27:12 DEBUG UserServiceImpl:43 - User{id=1,username='admin' firstName='null', lastName='null', email='tito@gmail.com', address='null',  role=admin}
2017-04-22 00:27:12 DEBUG SignIn:74 - User{id=1,username='admin' firstName='null', lastName='null', email='tito@gmail.com', address='null',  role=admin}
2017-04-22 00:27:12 INFO  SignIn:47 - after verifying users data
2017-04-22 00:27:12 INFO  UserServiceImpl:39 - setting role to user: admin
2017-04-22 00:27:12 DEBUG UserServiceImpl:43 - User{id=1,username='admin' firstName='null', lastName='null', email='tito@gmail.com', address='null',  role=admin}
2017-04-22 00:27:12 INFO  SignIn:49 - got redirect
2017-04-22 00:27:12 DEBUG EncodingFilter:23 - encoding: current language null
2017-04-22 00:27:12 INFO  HttpUtil:72 - getting user for session: 84FB6D03AFB36AEA87F5AF6E2848DA32
2017-04-22 00:27:12 INFO  UserServiceImpl:39 - setting role to user: admin
2017-04-22 00:27:12 DEBUG UserServiceImpl:43 - User{id=1,username='admin' firstName='null', lastName='null', email='tito@gmail.com', address='null',  role=admin}
2017-04-22 00:27:12 INFO  FrontController:26 - user GET
2017-04-22 00:27:12 ERROR RequestProviderImpl:93 - There no mapping for such a request: /app/sda
2017-04-22 00:27:12 ERROR FrontController:88 - User User{id=1,username='admin' firstName='null', lastName='null', email='tito@gmail.com', address='null',  role=admin}. Request uri /app/sda
java.util.NoSuchElementException: no mapping for /app/sda
	at com.tolochko.periodicals.controller.request.provider.impl.RequestProviderImpl.getRequestProcessor(RequestProviderImpl.java:94)
	at com.tolochko.periodicals.controller.FrontController.processRequest(FrontController.java:40)
	at com.tolochko.periodicals.controller.FrontController.doGet(FrontController.java:27)
	at javax.servlet.http.HttpServlet.service(HttpServlet.java:624)
	at javax.servlet.http.HttpServlet.service(HttpServlet.java:731)
	at org.apache.catalina.core.ApplicationFilterChain.internalDoFilter(ApplicationFilterChain.java:303)
	at org.apache.catalina.core.ApplicationFilterChain.doFilter(ApplicationFilterChain.java:208)
	at org.apache.tomcat.websocket.server.WsFilter.doFilter(WsFilter.java:52)
	at org.apache.catalina.core.ApplicationFilterChain.internalDoFilter(ApplicationFilterChain.java:241)
	at org.apache.catalina.core.ApplicationFilterChain.doFilter(ApplicationFilterChain.java:208)
	at com.tolochko.periodicals.controller.security.AuthorizationFilter.doFilter(AuthorizationFilter.java:41)
	at org.apache.catalina.core.ApplicationFilterChain.internalDoFilter(ApplicationFilterChain.java:241)
	at org.apache.catalina.core.ApplicationFilterChain.doFilter(ApplicationFilterChain.java:208)
	at com.tolochko.periodicals.controller.security.AuthenticationFilter.doFilter(AuthenticationFilter.java:49)
	at org.apache.catalina.core.ApplicationFilterChain.internalDoFilter(ApplicationFilterChain.java:241)
	at org.apache.catalina.core.ApplicationFilterChain.doFilter(ApplicationFilterChain.java:208)
	at com.tolochko.periodicals.controller.encoding.EncodingFilter.doFilter(EncodingFilter.java:25)
	at org.apache.catalina.core.ApplicationFilterChain.internalDoFilter(ApplicationFilterChain.java:241)
	at org.apache.catalina.core.ApplicationFilterChain.doFilter(ApplicationFilterChain.java:208)
	at org.apache.catalina.core.StandardWrapperValve.invoke(StandardWrapperValve.java:218)
	at org.apache.catalina.core.StandardContextValve.invoke(StandardContextValve.java:110)
	at org.apache.catalina.authenticator.AuthenticatorBase.invoke(AuthenticatorBase.java:506)
	at org.apache.catalina.core.StandardHostValve.invoke(StandardHostValve.java:169)
	at org.apache.catalina.valves.ErrorReportValve.invoke(ErrorReportValve.java:103)
	at org.apache.catalina.valves.AccessLogValve.invoke(AccessLogValve.java:962)
	at org.apache.catalina.core.StandardEngineValve.invoke(StandardEngineValve.java:116)
	at org.apache.catalina.connector.CoyoteAdapter.service(CoyoteAdapter.java:452)
	at org.apache.coyote.http11.AbstractHttp11Processor.process(AbstractHttp11Processor.java:1087)
	at org.apache.coyote.AbstractProtocol$AbstractConnectionHandler.process(AbstractProtocol.java:637)
	at org.apache.tomcat.util.net.AprEndpoint$SocketProcessor.doRun(AprEndpoint.java:2536)
	at org.apache.tomcat.util.net.AprEndpoint$SocketProcessor.run(AprEndpoint.java:2525)
	at java.util.concurrent.ThreadPoolExecutor.runWorker(ThreadPoolExecutor.java:1142)
	at java.util.concurrent.ThreadPoolExecutor$Worker.run(ThreadPoolExecutor.java:617)
	at org.apache.tomcat.util.threads.TaskThread$WrappingRunnable.run(TaskThread.java:61)
	at java.lang.Thread.run(Thread.java:745)
2017-04-22 00:27:13 DEBUG AuthorizationTag:29 - User{id=1,username='admin' firstName='null', lastName='null', email='tito@gmail.com', address='null',  role=admin}
2017-04-22 00:27:13 DEBUG AuthorizationTag:29 - User{id=1,username='admin' firstName='null', lastName='null', email='tito@gmail.com', address='null',  role=admin}
2017-04-22 00:27:16 DEBUG EncodingFilter:23 - encoding: current language null
2017-04-22 00:27:16 INFO  HttpUtil:72 - getting user for session: 84FB6D03AFB36AEA87F5AF6E2848DA32
2017-04-22 00:27:16 INFO  UserServiceImpl:39 - setting role to user: admin
2017-04-22 00:27:16 DEBUG UserServiceImpl:43 - User{id=1,username='admin' firstName='null', lastName='null', email='tito@gmail.com', address='null',  role=admin}
2017-04-22 00:27:16 INFO  FrontController:26 - user GET
2017-04-22 00:27:16 INFO  RequestProviderImpl:87 - found processor 
2017-04-22 00:27:17 DEBUG AuthorizationTag:29 - User{id=1,username='admin' firstName='null', lastName='null', email='tito@gmail.com', address='null',  role=admin}
2017-04-22 00:27:17 DEBUG AuthorizationTag:29 - User{id=1,username='admin' firstName='null', lastName='null', email='tito@gmail.com', address='null',  role=admin}
2017-04-22 00:27:17 DEBUG EncodingFilter:23 - encoding: current language null
2017-04-22 00:27:17 INFO  HttpUtil:72 - getting user for session: 84FB6D03AFB36AEA87F5AF6E2848DA32
2017-04-22 00:27:17 INFO  UserServiceImpl:39 - setting role to user: admin
2017-04-22 00:27:17 DEBUG UserServiceImpl:43 - User{id=1,username='admin' firstName='null', lastName='null', email='tito@gmail.com', address='null',  role=admin}
2017-04-22 00:27:17 INFO  FrontController:26 - user GET
2017-04-22 00:27:17 INFO  RequestProviderImpl:87 - found processor 
2017-04-22 00:27:18 DEBUG AuthorizationTag:29 - User{id=1,username='admin' firstName='null', lastName='null', email='tito@gmail.com', address='null',  role=admin}
2017-04-22 00:27:18 DEBUG AuthorizationTag:29 - User{id=1,username='admin' firstName='null', lastName='null', email='tito@gmail.com', address='null',  role=admin}
2017-04-22 00:27:18 DEBUG AuthorizationTag:29 - User{id=1,username='admin' firstName='null', lastName='null', email='tito@gmail.com', address='null',  role=admin}
2017-04-22 00:27:18 DEBUG AuthorizationTag:29 - User{id=1,username='admin' firstName='null', lastName='null', email='tito@gmail.com', address='null',  role=admin}
2017-04-22 00:27:18 DEBUG AuthorizationTag:29 - User{id=1,username='admin' firstName='null', lastName='null', email='tito@gmail.com', address='null',  role=admin}
2017-04-22 00:27:18 DEBUG AuthorizationTag:29 - User{id=1,username='admin' firstName='null', lastName='null', email='tito@gmail.com', address='null',  role=admin}
2017-04-22 00:27:18 DEBUG AuthorizationTag:29 - User{id=1,username='admin' firstName='null', lastName='null', email='tito@gmail.com', address='null',  role=admin}
2017-04-22 00:27:18 DEBUG AuthorizationTag:29 - User{id=1,username='admin' firstName='null', lastName='null', email='tito@gmail.com', address='null',  role=admin}
2017-04-22 00:27:30 DEBUG AuthorizationTag:29 - User{id=1,username='admin' firstName='null', lastName='null', email='tito@gmail.com', address='null',  role=admin}
2017-04-22 00:27:30 DEBUG AuthorizationTag:29 - User{id=1,username='admin' firstName='null', lastName='null', email='tito@gmail.com', address='null',  role=admin}
2017-04-22 00:34:24 DEBUG ConnectionPoolProvider:42 - getting pool impl url: jdbc:mysql://localhost:3306/webproject db name: webproject
2017-04-22 00:34:24 DEBUG EncodingFilter:23 - encoding: current language null
2017-04-22 00:34:24 INFO  FrontController:32 - user POST
2017-04-22 00:34:24 INFO  RequestProviderImpl:87 - found processor 
2017-04-22 00:34:25 INFO  UserServiceImpl:39 - setting role to user: admin
2017-04-22 00:34:25 DEBUG UserServiceImpl:43 - User{id=1,username='admin' firstName='null', lastName='null', email='tito@gmail.com', address='null',  role=admin}
2017-04-22 00:34:25 DEBUG SignIn:74 - User{id=1,username='admin' firstName='null', lastName='null', email='tito@gmail.com', address='null',  role=admin}
2017-04-22 00:34:25 INFO  SignIn:47 - after verifying users data
2017-04-22 00:34:25 INFO  UserServiceImpl:39 - setting role to user: admin
2017-04-22 00:34:25 DEBUG UserServiceImpl:43 - User{id=1,username='admin' firstName='null', lastName='null', email='tito@gmail.com', address='null',  role=admin}
2017-04-22 00:34:25 INFO  SignIn:49 - got redirect
2017-04-22 00:34:25 DEBUG EncodingFilter:23 - encoding: current language null
2017-04-22 00:34:25 INFO  HttpUtil:72 - getting user for session: 62F47379ED4DD7AE7C57D8E7935DE37B
2017-04-22 00:34:25 INFO  UserServiceImpl:39 - setting role to user: admin
2017-04-22 00:34:25 DEBUG UserServiceImpl:43 - User{id=1,username='admin' firstName='null', lastName='null', email='tito@gmail.com', address='null',  role=admin}
2017-04-22 00:34:25 INFO  FrontController:26 - user GET
2017-04-22 00:34:25 INFO  RequestProviderImpl:87 - found processor 
2017-04-22 00:34:26 DEBUG AuthorizationTag:29 - User{id=1,username='admin' firstName='null', lastName='null', email='tito@gmail.com', address='null',  role=admin}
2017-04-22 00:34:26 DEBUG AuthorizationTag:29 - User{id=1,username='admin' firstName='null', lastName='null', email='tito@gmail.com', address='null',  role=admin}
2017-04-22 00:34:37 DEBUG EncodingFilter:23 - encoding: current language null
2017-04-22 00:34:37 INFO  HttpUtil:72 - getting user for session: 62F47379ED4DD7AE7C57D8E7935DE37B
2017-04-22 00:34:37 INFO  UserServiceImpl:39 - setting role to user: admin
2017-04-22 00:34:37 DEBUG UserServiceImpl:43 - User{id=1,username='admin' firstName='null', lastName='null', email='tito@gmail.com', address='null',  role=admin}
2017-04-22 00:34:37 INFO  FrontController:26 - user GET
2017-04-22 00:34:37 ERROR RequestProviderImpl:93 - There no mapping for such a request: /app/asdasd
2017-04-22 00:34:37 ERROR FrontController:88 - User User{id=1,username='admin' firstName='null', lastName='null', email='tito@gmail.com', address='null',  role=admin}. Request uri /app/asdasd
java.util.NoSuchElementException: no mapping for /app/asdasd
	at com.tolochko.periodicals.controller.request.provider.impl.RequestProviderImpl.getRequestProcessor(RequestProviderImpl.java:94)
	at com.tolochko.periodicals.controller.FrontController.processRequest(FrontController.java:40)
	at com.tolochko.periodicals.controller.FrontController.doGet(FrontController.java:27)
	at javax.servlet.http.HttpServlet.service(HttpServlet.java:624)
	at javax.servlet.http.HttpServlet.service(HttpServlet.java:731)
	at org.apache.catalina.core.ApplicationFilterChain.internalDoFilter(ApplicationFilterChain.java:303)
	at org.apache.catalina.core.ApplicationFilterChain.doFilter(ApplicationFilterChain.java:208)
	at org.apache.tomcat.websocket.server.WsFilter.doFilter(WsFilter.java:52)
	at org.apache.catalina.core.ApplicationFilterChain.internalDoFilter(ApplicationFilterChain.java:241)
	at org.apache.catalina.core.ApplicationFilterChain.doFilter(ApplicationFilterChain.java:208)
	at com.tolochko.periodicals.controller.security.AuthorizationFilter.doFilter(AuthorizationFilter.java:41)
	at org.apache.catalina.core.ApplicationFilterChain.internalDoFilter(ApplicationFilterChain.java:241)
	at org.apache.catalina.core.ApplicationFilterChain.doFilter(ApplicationFilterChain.java:208)
	at com.tolochko.periodicals.controller.security.AuthenticationFilter.doFilter(AuthenticationFilter.java:49)
	at org.apache.catalina.core.ApplicationFilterChain.internalDoFilter(ApplicationFilterChain.java:241)
	at org.apache.catalina.core.ApplicationFilterChain.doFilter(ApplicationFilterChain.java:208)
	at com.tolochko.periodicals.controller.encoding.EncodingFilter.doFilter(EncodingFilter.java:25)
	at org.apache.catalina.core.ApplicationFilterChain.internalDoFilter(ApplicationFilterChain.java:241)
	at org.apache.catalina.core.ApplicationFilterChain.doFilter(ApplicationFilterChain.java:208)
	at org.apache.catalina.core.StandardWrapperValve.invoke(StandardWrapperValve.java:218)
	at org.apache.catalina.core.StandardContextValve.invoke(StandardContextValve.java:110)
	at org.apache.catalina.authenticator.AuthenticatorBase.invoke(AuthenticatorBase.java:506)
	at org.apache.catalina.core.StandardHostValve.invoke(StandardHostValve.java:169)
	at org.apache.catalina.valves.ErrorReportValve.invoke(ErrorReportValve.java:103)
	at org.apache.catalina.valves.AccessLogValve.invoke(AccessLogValve.java:962)
	at org.apache.catalina.core.StandardEngineValve.invoke(StandardEngineValve.java:116)
	at org.apache.catalina.connector.CoyoteAdapter.service(CoyoteAdapter.java:452)
	at org.apache.coyote.http11.AbstractHttp11Processor.process(AbstractHttp11Processor.java:1087)
	at org.apache.coyote.AbstractProtocol$AbstractConnectionHandler.process(AbstractProtocol.java:637)
	at org.apache.tomcat.util.net.AprEndpoint$SocketProcessor.doRun(AprEndpoint.java:2536)
	at org.apache.tomcat.util.net.AprEndpoint$SocketProcessor.run(AprEndpoint.java:2525)
	at java.util.concurrent.ThreadPoolExecutor.runWorker(ThreadPoolExecutor.java:1142)
	at java.util.concurrent.ThreadPoolExecutor$Worker.run(ThreadPoolExecutor.java:617)
	at org.apache.tomcat.util.threads.TaskThread$WrappingRunnable.run(TaskThread.java:61)
	at java.lang.Thread.run(Thread.java:745)
2017-04-22 00:34:38 DEBUG AuthorizationTag:29 - User{id=1,username='admin' firstName='null', lastName='null', email='tito@gmail.com', address='null',  role=admin}
2017-04-22 00:34:38 DEBUG AuthorizationTag:29 - User{id=1,username='admin' firstName='null', lastName='null', email='tito@gmail.com', address='null',  role=admin}
2017-04-22 00:34:44 DEBUG EncodingFilter:23 - encoding: current language null
2017-04-22 00:34:44 INFO  HttpUtil:72 - getting user for session: 62F47379ED4DD7AE7C57D8E7935DE37B
2017-04-22 00:34:44 INFO  UserServiceImpl:39 - setting role to user: admin
2017-04-22 00:34:44 DEBUG UserServiceImpl:43 - User{id=1,username='admin' firstName='null', lastName='null', email='tito@gmail.com', address='null',  role=admin}
2017-04-22 00:34:44 INFO  FrontController:26 - user GET
2017-04-22 00:34:44 INFO  RequestProviderImpl:87 - found processor 
2017-04-22 00:34:44 INFO  HttpUtil:72 - getting user for session: 62F47379ED4DD7AE7C57D8E7935DE37B
2017-04-22 00:34:46 DEBUG AuthorizationTag:29 - User{id=1,username='admin' firstName='null', lastName='null', email='tito@gmail.com', address='null',  role=admin}
2017-04-22 00:34:46 DEBUG AuthorizationTag:29 - User{id=1,username='admin' firstName='null', lastName='null', email='tito@gmail.com', address='null',  role=admin}
2017-04-22 00:42:50 DEBUG ConnectionPoolProvider:42 - getting pool impl url: jdbc:mysql://localhost:3306/webproject db name: webproject
2017-04-22 00:42:51 ERROR InvoiceServiceImpl:92 - transaction failed
2017-04-22 00:42:52 INFO  UserServiceImpl:39 - setting role to user: null
2017-04-22 00:42:52 DEBUG UserServiceImpl:43 - Mock for User, hashCode: 100929741
2017-04-22 00:50:26 DEBUG ConnectionPoolProvider:42 - getting pool impl url: jdbc:mysql://localhost:3306/webproject db name: webproject
2017-04-22 00:50:27 ERROR InvoiceServiceImpl:92 - transaction failed
2017-04-22 00:50:27 INFO  UserServiceImpl:39 - setting role to user: null
2017-04-22 00:50:27 DEBUG UserServiceImpl:43 - Mock for User, hashCode: 100929741
2017-04-22 00:52:53 DEBUG ConnectionPoolProvider:42 - getting pool impl url: jdbc:mysql://localhost:3306/webproject db name: webproject
2017-04-22 00:52:54 ERROR InvoiceServiceImpl:92 - transaction failed
2017-04-22 00:52:54 INFO  UserServiceImpl:39 - setting role to user: null
2017-04-22 00:52:54 DEBUG UserServiceImpl:43 - Mock for User, hashCode: 100929741
2017-04-22 00:54:41 DEBUG ConnectionPoolProvider:42 - getting pool impl url: jdbc:mysql://localhost:3306/webproject db name: webproject
2017-04-22 00:54:42 ERROR InvoiceServiceImpl:92 - transaction failed
2017-04-22 00:54:42 INFO  UserServiceImpl:39 - setting role to user: null
2017-04-22 00:54:42 DEBUG UserServiceImpl:43 - Mock for User, hashCode: 100929741
2017-04-22 00:55:19 DEBUG ConnectionPoolProvider:42 - getting pool impl url: jdbc:mysql://localhost:3306/webproject db name: webproject
2017-04-22 00:55:20 ERROR InvoiceServiceImpl:92 - transaction failed
2017-04-22 00:55:20 INFO  UserServiceImpl:39 - setting role to user: null
2017-04-22 00:55:20 DEBUG UserServiceImpl:43 - Mock for User, hashCode: 100929741
2017-04-22 01:01:34 DEBUG ConnectionPoolProvider:42 - getting pool impl url: jdbc:mysql://localhost:3306/webproject db name: webproject
2017-04-22 01:01:36 ERROR InvoiceServiceImpl:92 - transaction failed
2017-04-22 01:01:36 INFO  UserServiceImpl:39 - setting role to user: null
2017-04-22 01:01:36 DEBUG UserServiceImpl:43 - Mock for User, hashCode: 100929741
2017-04-22 01:02:11 DEBUG ConnectionPoolProvider:42 - getting pool impl url: jdbc:mysql://localhost:3306/webproject db name: webproject
2017-04-22 01:02:13 ERROR InvoiceServiceImpl:92 - transaction failed
2017-04-22 01:02:13 INFO  UserServiceImpl:39 - setting role to user: null
2017-04-22 01:02:13 DEBUG UserServiceImpl:43 - Mock for User, hashCode: 100929741
2017-04-22 01:02:42 DEBUG ConnectionPoolProvider:42 - getting pool impl url: jdbc:mysql://localhost:3306/webproject db name: webproject
2017-04-22 01:02:43 ERROR InvoiceServiceImpl:92 - transaction failed
2017-04-22 01:02:43 INFO  UserServiceImpl:39 - setting role to user: null
2017-04-22 01:02:43 DEBUG UserServiceImpl:43 - Mock for User, hashCode: 100929741
2017-04-22 01:06:21 DEBUG ConnectionPoolProvider:42 - getting pool impl url: jdbc:mysql://localhost:3306/webproject db name: webproject
2017-04-22 01:06:23 ERROR InvoiceServiceImpl:92 - transaction failed
2017-04-22 01:06:23 INFO  UserServiceImpl:39 - setting role to user: null
2017-04-22 01:06:23 DEBUG UserServiceImpl:43 - Mock for User, hashCode: 100929741
2017-04-22 01:07:34 DEBUG ConnectionPoolProvider:42 - getting pool impl url: jdbc:mysql://localhost:3306/webproject db name: webproject
2017-04-22 01:07:35 ERROR InvoiceServiceImpl:92 - transaction failed
2017-04-22 01:07:35 INFO  UserServiceImpl:39 - setting role to user: null
2017-04-22 01:07:35 DEBUG UserServiceImpl:43 - Mock for User, hashCode: 100929741
2017-04-22 01:09:01 DEBUG ConnectionPoolProvider:42 - getting pool impl url: jdbc:mysql://localhost:3306/webproject db name: webproject
2017-04-22 01:09:02 ERROR InvoiceServiceImpl:92 - transaction failed
2017-04-22 01:09:02 INFO  UserServiceImpl:39 - setting role to user: null
2017-04-22 01:09:02 DEBUG UserServiceImpl:43 - Mock for User, hashCode: 100929741
2017-04-22 01:11:08 DEBUG ConnectionPoolProvider:42 - getting pool impl url: jdbc:mysql://localhost:3306/webproject db name: webproject
2017-04-22 01:11:09 ERROR InvoiceServiceImpl:92 - transaction failed
2017-04-22 01:11:10 INFO  UserServiceImpl:39 - setting role to user: null
2017-04-22 01:11:10 DEBUG UserServiceImpl:43 - Mock for User, hashCode: 100929741
2017-04-22 01:14:28 DEBUG ConnectionPoolProvider:42 - getting pool impl url: jdbc:mysql://localhost:3306/webproject db name: webproject
2017-04-22 01:14:30 ERROR InvoiceServiceImpl:92 - transaction failed
2017-04-22 01:14:30 INFO  UserServiceImpl:39 - setting role to user: null
2017-04-22 01:14:30 DEBUG UserServiceImpl:43 - Mock for User, hashCode: 100929741
2017-04-22 01:15:30 DEBUG ConnectionPoolProvider:42 - getting pool impl url: jdbc:mysql://localhost:3306/webproject db name: webproject
2017-04-22 01:15:32 ERROR InvoiceServiceImpl:92 - transaction failed
2017-04-22 01:15:32 INFO  UserServiceImpl:39 - setting role to user: null
2017-04-22 01:15:32 DEBUG UserServiceImpl:43 - Mock for User, hashCode: 100929741
2017-04-22 01:16:03 DEBUG ConnectionPoolProvider:42 - getting pool impl url: jdbc:mysql://localhost:3306/webproject db name: webproject
2017-04-22 01:16:05 ERROR InvoiceServiceImpl:92 - transaction failed
2017-04-22 01:16:05 INFO  UserServiceImpl:39 - setting role to user: null
2017-04-22 01:16:05 DEBUG UserServiceImpl:43 - Mock for User, hashCode: 100929741
2017-04-22 01:17:21 DEBUG ConnectionPoolProvider:42 - getting pool impl url: jdbc:mysql://localhost:3306/webproject db name: webproject
2017-04-22 01:17:23 ERROR InvoiceServiceImpl:92 - transaction failed
2017-04-22 01:17:23 INFO  UserServiceImpl:39 - setting role to user: null
2017-04-22 01:17:23 DEBUG UserServiceImpl:43 - Mock for User, hashCode: 100929741
2017-04-22 01:21:41 DEBUG ConnectionPoolProvider:42 - getting pool impl url: jdbc:mysql://localhost:3306/webproject db name: webproject
2017-04-22 01:21:42 ERROR InvoiceServiceImpl:92 - transaction failed
2017-04-22 01:21:43 INFO  UserServiceImpl:39 - setting role to user: null
2017-04-22 01:21:43 DEBUG UserServiceImpl:43 - Mock for User, hashCode: 100929741
2017-04-22 01:22:35 DEBUG ConnectionPoolProvider:42 - getting pool impl url: jdbc:mysql://localhost:3306/webproject db name: webproject
2017-04-22 01:22:37 ERROR InvoiceServiceImpl:92 - transaction failed
2017-04-22 01:22:37 INFO  UserServiceImpl:39 - setting role to user: null
2017-04-22 01:22:37 DEBUG UserServiceImpl:43 - Mock for User, hashCode: 100929741
2017-04-22 01:29:59 DEBUG ConnectionPoolProvider:42 - getting pool impl url: jdbc:mysql://localhost:3306/webproject db name: webproject
2017-04-22 01:30:00 ERROR InvoiceServiceImpl:92 - transaction failed
2017-04-22 01:30:00 INFO  UserServiceImpl:39 - setting role to user: null
2017-04-22 01:30:00 DEBUG UserServiceImpl:43 - Mock for User, hashCode: 100929741
2017-04-22 01:31:42 DEBUG ConnectionPoolProvider:42 - getting pool impl url: jdbc:mysql://localhost:3306/webproject db name: webproject
2017-04-22 01:31:43 ERROR InvoiceServiceImpl:92 - transaction failed
2017-04-22 01:31:43 INFO  UserServiceImpl:39 - setting role to user: null
2017-04-22 01:31:43 DEBUG UserServiceImpl:43 - Mock for User, hashCode: 100929741
2017-04-22 01:34:46 DEBUG ConnectionPoolProvider:42 - getting pool impl url: jdbc:mysql://localhost:3306/webproject db name: webproject
2017-04-22 01:34:47 ERROR InvoiceServiceImpl:92 - transaction failed
2017-04-22 01:34:47 INFO  UserServiceImpl:39 - setting role to user: null
2017-04-22 01:34:47 DEBUG UserServiceImpl:43 - Mock for User, hashCode: 100929741
2017-04-22 01:36:19 DEBUG ConnectionPoolProvider:42 - getting pool impl url: jdbc:mysql://localhost:3306/webproject db name: webproject
2017-04-22 01:36:20 ERROR InvoiceServiceImpl:92 - transaction failed
2017-04-22 01:36:21 INFO  UserServiceImpl:39 - setting role to user: null
2017-04-22 01:36:21 DEBUG UserServiceImpl:43 - Mock for User, hashCode: 100929741
2017-04-22 01:41:14 DEBUG ConnectionPoolProvider:42 - getting pool impl url: jdbc:mysql://localhost:3306/webproject db name: webproject
2017-04-22 01:41:16 ERROR InvoiceServiceImpl:92 - transaction failed
2017-04-22 01:41:16 INFO  UserServiceImpl:39 - setting role to user: null
2017-04-22 01:41:16 DEBUG UserServiceImpl:43 - Mock for User, hashCode: 100929741
2017-04-22 01:43:00 DEBUG ConnectionPoolProvider:42 - getting pool impl url: jdbc:mysql://localhost:3306/webproject db name: webproject
2017-04-22 01:43:02 ERROR InvoiceServiceImpl:92 - transaction failed
2017-04-22 01:43:02 INFO  UserServiceImpl:39 - setting role to user: null
2017-04-22 01:43:02 DEBUG UserServiceImpl:43 - Mock for User, hashCode: 100929741
2017-04-22 01:45:00 DEBUG ConnectionPoolProvider:42 - getting pool impl url: jdbc:mysql://localhost:3306/webproject db name: webproject
2017-04-22 01:45:02 ERROR InvoiceServiceImpl:92 - transaction failed
2017-04-22 01:45:02 INFO  UserServiceImpl:39 - setting role to user: null
2017-04-22 01:45:02 DEBUG UserServiceImpl:43 - Mock for User, hashCode: 100929741
2017-04-22 01:56:12 DEBUG ConnectionPoolProvider:42 - getting pool impl url: jdbc:mysql://localhost:3306/webproject db name: webproject
2017-04-22 01:56:13 ERROR InvoiceServiceImpl:92 - transaction failed
2017-04-22 01:56:13 INFO  UserServiceImpl:39 - setting role to user: null
2017-04-22 01:56:13 DEBUG UserServiceImpl:43 - Mock for User, hashCode: 100929741
2017-04-22 01:57:02 DEBUG ConnectionPoolProvider:42 - getting pool impl url: jdbc:mysql://localhost:3306/webproject db name: webproject
2017-04-22 01:57:04 ERROR InvoiceServiceImpl:92 - transaction failed
2017-04-22 01:57:04 INFO  UserServiceImpl:39 - setting role to user: null
2017-04-22 01:57:04 DEBUG UserServiceImpl:43 - Mock for User, hashCode: 100929741
2017-04-22 01:58:52 DEBUG ConnectionPoolProvider:42 - getting pool impl url: jdbc:mysql://localhost:3306/webproject db name: webproject
2017-04-22 01:58:53 ERROR InvoiceServiceImpl:92 - transaction failed
2017-04-22 01:58:53 INFO  UserServiceImpl:39 - setting role to user: null
2017-04-22 01:58:53 DEBUG UserServiceImpl:43 - Mock for User, hashCode: 100929741
2017-04-22 01:59:10 DEBUG ConnectionPoolProvider:42 - getting pool impl url: jdbc:mysql://localhost:3306/webproject db name: webproject
2017-04-22 01:59:10 DEBUG EncodingFilter:23 - encoding: current language null
2017-04-22 01:59:10 INFO  HttpUtil:72 - getting user for session: F294CDCF05D2079359AFFD42EEBD1D87
2017-04-22 02:00:27 DEBUG ConnectionPoolProvider:42 - getting pool impl url: jdbc:mysql://localhost:3306/webproject db name: webproject
2017-04-22 02:00:29 ERROR InvoiceServiceImpl:92 - transaction failed
2017-04-22 02:00:29 INFO  UserServiceImpl:39 - setting role to user: null
2017-04-22 02:00:29 DEBUG UserServiceImpl:43 - Mock for User, hashCode: 100929741
2017-04-22 02:01:08 DEBUG ConnectionPoolProvider:42 - getting pool impl url: jdbc:mysql://localhost:3306/webproject db name: webproject
2017-04-22 02:01:08 DEBUG EncodingFilter:23 - encoding: current language null
2017-04-22 02:01:08 INFO  HttpUtil:72 - getting user for session: AA2E18677205B7F5223A5AD53B760D02
2017-04-22 02:03:54 DEBUG ConnectionPoolProvider:42 - getting pool impl url: jdbc:mysql://localhost:3306/webproject db name: webproject
2017-04-22 02:03:56 ERROR InvoiceServiceImpl:92 - transaction failed
2017-04-22 02:03:56 INFO  UserServiceImpl:39 - setting role to user: null
2017-04-22 02:03:56 DEBUG UserServiceImpl:43 - Mock for User, hashCode: 100929741
2017-04-22 02:05:21 DEBUG ConnectionPoolProvider:42 - getting pool impl url: jdbc:mysql://localhost:3306/webproject db name: webproject
2017-04-22 02:05:22 ERROR InvoiceServiceImpl:92 - transaction failed
2017-04-22 02:05:23 INFO  UserServiceImpl:39 - setting role to user: null
2017-04-22 02:05:23 DEBUG UserServiceImpl:43 - Mock for User, hashCode: 100929741
2017-04-22 02:07:24 DEBUG ConnectionPoolProvider:42 - getting pool impl url: jdbc:mysql://localhost:3306/webproject db name: webproject
2017-04-22 02:07:26 ERROR InvoiceServiceImpl:92 - transaction failed
2017-04-22 02:07:26 INFO  UserServiceImpl:39 - setting role to user: null
2017-04-22 02:07:26 DEBUG UserServiceImpl:43 - Mock for User, hashCode: 100929741
2017-04-22 02:08:04 DEBUG ConnectionPoolProvider:42 - getting pool impl url: jdbc:mysql://localhost:3306/webproject db name: webproject
2017-04-22 02:08:06 ERROR InvoiceServiceImpl:92 - transaction failed
2017-04-22 02:08:06 INFO  UserServiceImpl:39 - setting role to user: null
2017-04-22 02:08:06 DEBUG UserServiceImpl:43 - Mock for User, hashCode: 100929741
2017-04-22 02:08:52 DEBUG ConnectionPoolProvider:42 - getting pool impl url: jdbc:mysql://localhost:3306/webproject db name: webproject
2017-04-22 02:08:54 ERROR InvoiceServiceImpl:92 - transaction failed
2017-04-22 02:08:54 INFO  UserServiceImpl:39 - setting role to user: null
2017-04-22 02:08:54 DEBUG UserServiceImpl:43 - Mock for User, hashCode: 100929741
2017-04-22 02:12:01 DEBUG ConnectionPoolProvider:42 - getting pool impl url: jdbc:mysql://localhost:3306/webproject db name: webproject
2017-04-22 02:12:02 ERROR InvoiceServiceImpl:92 - transaction failed
2017-04-22 02:12:03 INFO  UserServiceImpl:39 - setting role to user: null
2017-04-22 02:12:03 DEBUG UserServiceImpl:43 - Mock for User, hashCode: 100929741
2017-04-22 02:17:11 DEBUG ConnectionPoolProvider:42 - getting pool impl url: jdbc:mysql://localhost:3306/webproject db name: webproject
2017-04-22 02:17:13 ERROR InvoiceServiceImpl:92 - transaction failed
2017-04-22 02:17:13 INFO  UserServiceImpl:39 - setting role to user: null
2017-04-22 02:17:13 DEBUG UserServiceImpl:43 - Mock for User, hashCode: 100929741
2017-04-22 02:18:46 DEBUG ConnectionPoolProvider:42 - getting pool impl url: jdbc:mysql://localhost:3306/webproject db name: webproject
2017-04-22 02:18:48 ERROR InvoiceServiceImpl:92 - transaction failed
2017-04-22 02:18:49 INFO  UserServiceImpl:39 - setting role to user: null
2017-04-22 02:18:49 DEBUG UserServiceImpl:43 - Mock for User, hashCode: 100929741
2017-04-22 02:23:25 DEBUG ConnectionPoolProvider:42 - getting pool impl url: jdbc:mysql://localhost:3306/webproject db name: webproject
2017-04-22 02:23:27 ERROR InvoiceServiceImpl:92 - transaction failed
2017-04-22 02:23:27 INFO  UserServiceImpl:39 - setting role to user: null
2017-04-22 02:23:27 DEBUG UserServiceImpl:43 - Mock for User, hashCode: 100929741
2017-04-22 02:24:37 DEBUG ConnectionPoolProvider:42 - getting pool impl url: jdbc:mysql://localhost:3306/webproject db name: webproject
2017-04-22 02:24:39 ERROR InvoiceServiceImpl:92 - transaction failed
2017-04-22 02:24:39 INFO  UserServiceImpl:39 - setting role to user: null
2017-04-22 02:24:39 DEBUG UserServiceImpl:43 - Mock for User, hashCode: 100929741
2017-04-22 02:25:26 DEBUG ConnectionPoolProvider:42 - getting pool impl url: jdbc:mysql://localhost:3306/webproject db name: webproject
2017-04-22 02:25:28 ERROR InvoiceServiceImpl:92 - transaction failed
2017-04-22 02:25:28 INFO  UserServiceImpl:39 - setting role to user: null
2017-04-22 02:25:28 DEBUG UserServiceImpl:43 - Mock for User, hashCode: 100929741
2017-04-22 02:25:55 DEBUG ConnectionPoolProvider:42 - getting pool impl url: jdbc:mysql://localhost:3306/webproject db name: webproject
2017-04-22 02:25:57 ERROR InvoiceServiceImpl:92 - transaction failed
2017-04-22 02:25:57 INFO  UserServiceImpl:39 - setting role to user: null
2017-04-22 02:25:57 DEBUG UserServiceImpl:43 - Mock for User, hashCode: 100929741
2017-04-22 02:26:41 DEBUG ConnectionPoolProvider:42 - getting pool impl url: jdbc:mysql://localhost:3306/webproject db name: webproject
2017-04-22 02:26:43 ERROR InvoiceServiceImpl:92 - transaction failed
2017-04-22 02:26:43 INFO  UserServiceImpl:39 - setting role to user: null
2017-04-22 02:26:43 DEBUG UserServiceImpl:43 - Mock for User, hashCode: 100929741
2017-04-22 02:33:30 DEBUG ConnectionPoolProvider:42 - getting pool impl url: jdbc:mysql://localhost:3306/webproject db name: webproject
2017-04-22 02:33:32 ERROR InvoiceServiceImpl:92 - transaction failed
2017-04-22 02:33:32 INFO  UserServiceImpl:39 - setting role to user: null
2017-04-22 02:33:32 DEBUG UserServiceImpl:43 - Mock for User, hashCode: 100929741
2017-04-22 02:35:09 DEBUG ConnectionPoolProvider:42 - getting pool impl url: jdbc:mysql://localhost:3306/webproject db name: webproject
2017-04-22 02:35:10 ERROR InvoiceServiceImpl:92 - transaction failed
2017-04-22 02:35:11 INFO  UserServiceImpl:39 - setting role to user: null
2017-04-22 02:35:11 DEBUG UserServiceImpl:43 - Mock for User, hashCode: 100929741
2017-04-22 02:39:28 DEBUG ConnectionPoolProvider:42 - getting pool impl url: jdbc:mysql://localhost:3306/webproject db name: webproject
2017-04-22 02:39:30 ERROR InvoiceServiceImpl:92 - transaction failed
2017-04-22 02:39:30 INFO  UserServiceImpl:39 - setting role to user: null
2017-04-22 02:39:30 DEBUG UserServiceImpl:43 - Mock for User, hashCode: 100929741
2017-04-22 02:40:08 DEBUG ConnectionPoolProvider:42 - getting pool impl url: jdbc:mysql://localhost:3306/webproject db name: webproject
2017-04-22 02:40:09 ERROR InvoiceServiceImpl:92 - transaction failed
2017-04-22 02:40:10 INFO  UserServiceImpl:39 - setting role to user: null
2017-04-22 02:40:10 DEBUG UserServiceImpl:43 - Mock for User, hashCode: 100929741
2017-04-22 10:26:30 DEBUG ConnectionPoolProvider:42 - getting pool impl url: jdbc:mysql://localhost:3306/webproject db name: webproject
2017-04-22 10:26:31 ERROR InvoiceServiceImpl:92 - transaction failed
2017-04-22 10:26:31 INFO  UserServiceImpl:39 - setting role to user: null
2017-04-22 10:26:31 DEBUG UserServiceImpl:43 - Mock for User, hashCode: 100929741
2017-04-22 10:27:52 DEBUG ConnectionPoolProvider:42 - getting pool impl url: jdbc:mysql://localhost:3306/webproject db name: webproject
2017-04-22 10:27:52 DEBUG EncodingFilter:23 - encoding: current language null
2017-04-22 10:27:52 INFO  HttpUtil:72 - getting user for session: E4B11A6730BEA2EA2DE5113DD55F9466
2017-04-22 10:28:00 DEBUG EncodingFilter:23 - encoding: current language null
2017-04-22 10:28:00 INFO  HttpUtil:72 - getting user for session: E4B11A6730BEA2EA2DE5113DD55F9466
2017-04-22 10:28:04 DEBUG EncodingFilter:23 - encoding: current language null
2017-04-22 10:28:04 INFO  HttpUtil:72 - getting user for session: E4B11A6730BEA2EA2DE5113DD55F9466
2017-04-22 10:28:13 DEBUG EncodingFilter:23 - encoding: current language null
2017-04-22 10:28:13 INFO  HttpUtil:72 - getting user for session: E4B11A6730BEA2EA2DE5113DD55F9466
2017-04-22 10:29:29 DEBUG ConnectionPoolProvider:42 - getting pool impl url: jdbc:mysql://localhost:3306/webproject db name: webproject
2017-04-22 10:29:31 ERROR InvoiceServiceImpl:92 - transaction failed
2017-04-22 10:29:31 INFO  UserServiceImpl:39 - setting role to user: null
2017-04-22 10:29:31 DEBUG UserServiceImpl:43 - Mock for User, hashCode: 100929741
2017-04-22 10:31:52 DEBUG ConnectionPoolProvider:42 - getting pool impl url: jdbc:mysql://localhost:3306/webproject db name: webproject
2017-04-22 10:31:54 ERROR InvoiceServiceImpl:92 - transaction failed
2017-04-22 10:31:54 INFO  UserServiceImpl:39 - setting role to user: null
2017-04-22 10:31:54 DEBUG UserServiceImpl:43 - Mock for User, hashCode: 100929741
2017-04-22 10:38:28 DEBUG ConnectionPoolProvider:42 - getting pool impl url: jdbc:mysql://localhost:3306/webproject db name: webproject
2017-04-22 10:38:29 ERROR InvoiceServiceImpl:92 - transaction failed
2017-04-22 10:38:29 INFO  UserServiceImpl:39 - setting role to user: null
2017-04-22 10:38:29 DEBUG UserServiceImpl:43 - Mock for User, hashCode: 100929741
2017-04-22 10:40:29 DEBUG ConnectionPoolProvider:42 - getting pool impl url: jdbc:mysql://localhost:3306/webproject db name: webproject
2017-04-22 10:40:30 ERROR InvoiceServiceImpl:92 - transaction failed
2017-04-22 10:40:30 INFO  UserServiceImpl:39 - setting role to user: null
2017-04-22 10:40:30 DEBUG UserServiceImpl:43 - Mock for User, hashCode: 100929741
2017-04-22 10:41:26 DEBUG ConnectionPoolProvider:42 - getting pool impl url: jdbc:mysql://localhost:3306/webproject db name: webproject
2017-04-22 10:41:27 ERROR InvoiceServiceImpl:92 - transaction failed
2017-04-22 10:41:27 INFO  UserServiceImpl:39 - setting role to user: null
2017-04-22 10:41:27 DEBUG UserServiceImpl:43 - Mock for User, hashCode: 100929741
2017-04-22 10:42:26 DEBUG ConnectionPoolProvider:42 - getting pool impl url: jdbc:mysql://localhost:3306/webproject db name: webproject
2017-04-22 10:42:27 ERROR InvoiceServiceImpl:92 - transaction failed
2017-04-22 10:42:27 INFO  UserServiceImpl:39 - setting role to user: null
2017-04-22 10:42:27 DEBUG UserServiceImpl:43 - Mock for User, hashCode: 100929741
2017-04-22 10:50:34 DEBUG ConnectionPoolProvider:42 - getting pool impl url: jdbc:mysql://localhost:3306/webproject db name: webproject
2017-04-22 10:50:35 ERROR InvoiceServiceImpl:92 - transaction failed
2017-04-22 10:50:35 INFO  UserServiceImpl:39 - setting role to user: null
2017-04-22 10:50:35 DEBUG UserServiceImpl:43 - Mock for User, hashCode: 100929741
2017-04-22 10:51:23 DEBUG ConnectionPoolProvider:42 - getting pool impl url: jdbc:mysql://localhost:3306/webproject db name: webproject
2017-04-22 10:51:24 ERROR InvoiceServiceImpl:92 - transaction failed
2017-04-22 10:51:25 INFO  UserServiceImpl:39 - setting role to user: null
2017-04-22 10:51:25 DEBUG UserServiceImpl:43 - Mock for User, hashCode: 100929741
2017-04-22 10:54:18 DEBUG ConnectionPoolProvider:42 - getting pool impl url: jdbc:mysql://localhost:3306/webproject db name: webproject
2017-04-22 10:54:20 ERROR InvoiceServiceImpl:92 - transaction failed
2017-04-22 10:54:20 INFO  UserServiceImpl:39 - setting role to user: null
2017-04-22 10:54:20 DEBUG UserServiceImpl:43 - Mock for User, hashCode: 100929741
2017-04-22 10:57:39 DEBUG ConnectionPoolProvider:42 - getting pool impl url: jdbc:mysql://localhost:3306/webproject db name: webproject
2017-04-22 10:57:40 ERROR InvoiceServiceImpl:92 - transaction failed
2017-04-22 10:57:40 INFO  UserServiceImpl:39 - setting role to user: null
2017-04-22 10:57:40 DEBUG UserServiceImpl:43 - Mock for User, hashCode: 100929741
2017-04-22 11:00:35 DEBUG ConnectionPoolProvider:42 - getting pool impl url: jdbc:mysql://localhost:3306/webproject db name: webproject
2017-04-22 11:00:37 ERROR InvoiceServiceImpl:92 - transaction failed
2017-04-22 11:00:37 INFO  UserServiceImpl:39 - setting role to user: null
2017-04-22 11:00:37 DEBUG UserServiceImpl:43 - Mock for User, hashCode: 100929741
2017-04-22 11:03:39 DEBUG ConnectionPoolProvider:42 - getting pool impl url: jdbc:mysql://localhost:3306/webproject db name: webproject
2017-04-22 11:03:40 ERROR InvoiceServiceImpl:92 - transaction failed
2017-04-22 11:03:40 INFO  UserServiceImpl:39 - setting role to user: null
2017-04-22 11:03:40 DEBUG UserServiceImpl:43 - Mock for User, hashCode: 100929741
2017-04-22 11:09:57 DEBUG ConnectionPoolProvider:42 - getting pool impl url: jdbc:mysql://localhost:3306/webproject db name: webproject
2017-04-22 11:09:59 ERROR InvoiceServiceImpl:92 - transaction failed
2017-04-22 11:09:59 INFO  UserServiceImpl:39 - setting role to user: null
2017-04-22 11:09:59 DEBUG UserServiceImpl:43 - Mock for User, hashCode: 100929741
2017-04-22 11:10:56 DEBUG ConnectionPoolProvider:42 - getting pool impl url: jdbc:mysql://localhost:3306/webproject db name: webproject
2017-04-22 11:10:58 ERROR InvoiceServiceImpl:92 - transaction failed
2017-04-22 11:10:58 INFO  UserServiceImpl:39 - setting role to user: null
2017-04-22 11:10:58 DEBUG UserServiceImpl:43 - Mock for User, hashCode: 100929741
2017-04-22 11:14:06 DEBUG ConnectionPoolProvider:42 - getting pool impl url: jdbc:mysql://localhost:3306/webproject db name: webproject
2017-04-22 11:14:07 ERROR InvoiceServiceImpl:92 - transaction failed
2017-04-22 11:14:08 INFO  UserServiceImpl:39 - setting role to user: null
2017-04-22 11:14:08 DEBUG UserServiceImpl:43 - Mock for User, hashCode: 100929741
2017-04-22 11:18:13 DEBUG ConnectionPoolProvider:42 - getting pool impl url: jdbc:mysql://localhost:3306/webproject db name: webproject
2017-04-22 11:18:14 ERROR InvoiceServiceImpl:92 - transaction failed
2017-04-22 11:18:14 INFO  UserServiceImpl:39 - setting role to user: null
2017-04-22 11:18:14 DEBUG UserServiceImpl:43 - Mock for User, hashCode: 100929741
2017-04-22 11:19:33 DEBUG ConnectionPoolProvider:42 - getting pool impl url: jdbc:mysql://localhost:3306/webproject db name: webproject
2017-04-22 11:19:34 ERROR InvoiceServiceImpl:92 - transaction failed
2017-04-22 11:19:34 INFO  UserServiceImpl:39 - setting role to user: null
2017-04-22 11:19:34 DEBUG UserServiceImpl:43 - Mock for User, hashCode: 100929741
2017-04-22 11:21:31 DEBUG ConnectionPoolProvider:42 - getting pool impl url: jdbc:mysql://localhost:3306/webproject db name: webproject
2017-04-22 11:21:33 ERROR InvoiceServiceImpl:92 - transaction failed
2017-04-22 11:21:33 INFO  UserServiceImpl:39 - setting role to user: null
2017-04-22 11:21:33 DEBUG UserServiceImpl:43 - Mock for User, hashCode: 100929741
2017-04-22 11:23:53 DEBUG ConnectionPoolProvider:42 - getting pool impl url: jdbc:mysql://localhost:3306/webproject db name: webproject
2017-04-22 11:23:55 ERROR InvoiceServiceImpl:92 - transaction failed
2017-04-22 11:23:55 INFO  UserServiceImpl:39 - setting role to user: null
2017-04-22 11:23:55 DEBUG UserServiceImpl:43 - Mock for User, hashCode: 100929741
2017-04-22 11:26:42 DEBUG ConnectionPoolProvider:42 - getting pool impl url: jdbc:mysql://localhost:3306/webproject db name: webproject
2017-04-22 11:26:43 ERROR InvoiceServiceImpl:92 - transaction failed
2017-04-22 11:26:44 INFO  UserServiceImpl:39 - setting role to user: null
2017-04-22 11:26:44 DEBUG UserServiceImpl:43 - Mock for User, hashCode: 100929741
2017-04-22 11:28:02 DEBUG ConnectionPoolProvider:42 - getting pool impl url: jdbc:mysql://localhost:3306/webproject db name: webproject
2017-04-22 11:28:03 ERROR InvoiceServiceImpl:92 - transaction failed
2017-04-22 11:28:03 INFO  UserServiceImpl:39 - setting role to user: null
2017-04-22 11:28:03 DEBUG UserServiceImpl:43 - Mock for User, hashCode: 100929741
2017-04-22 11:31:06 DEBUG ConnectionPoolProvider:42 - getting pool impl url: jdbc:mysql://localhost:3306/webproject db name: webproject
2017-04-22 11:31:07 ERROR InvoiceServiceImpl:92 - transaction failed
2017-04-22 11:31:08 INFO  UserServiceImpl:39 - setting role to user: null
2017-04-22 11:31:08 DEBUG UserServiceImpl:43 - Mock for User, hashCode: 100929741
2017-04-22 11:45:32 DEBUG ConnectionPoolProvider:42 - getting pool impl url: jdbc:mysql://localhost:3306/webproject db name: webproject
2017-04-22 11:45:33 ERROR InvoiceServiceImpl:92 - transaction failed
2017-04-22 11:45:33 INFO  UserServiceImpl:39 - setting role to user: null
2017-04-22 11:45:33 DEBUG UserServiceImpl:43 - Mock for User, hashCode: 100929741
2017-04-22 11:47:05 DEBUG ConnectionPoolProvider:42 - getting pool impl url: jdbc:mysql://localhost:3306/webproject db name: webproject
2017-04-22 11:47:06 ERROR InvoiceServiceImpl:92 - transaction failed
2017-04-22 11:47:07 INFO  UserServiceImpl:39 - setting role to user: null
2017-04-22 11:47:07 DEBUG UserServiceImpl:43 - Mock for User, hashCode: 100929741
2017-04-22 11:47:44 DEBUG ConnectionPoolProvider:42 - getting pool impl url: jdbc:mysql://localhost:3306/webproject db name: webproject
2017-04-22 11:47:44 DEBUG EncodingFilter:23 - encoding: current language null
2017-04-22 11:47:44 INFO  FrontController:26 - user GET
2017-04-22 11:47:44 INFO  RequestProviderImpl:87 - found processor 
2017-04-22 11:48:13 DEBUG EncodingFilter:23 - encoding: current language null
2017-04-22 11:48:13 INFO  FrontController:32 - user POST
2017-04-22 11:48:13 INFO  RequestProviderImpl:87 - found processor 
2017-04-22 11:48:13 DEBUG AjaxFormValidation:44 - ajax entityId: null
2017-04-22 11:48:27 DEBUG EncodingFilter:23 - encoding: current language null
2017-04-22 11:48:27 INFO  FrontController:32 - user POST
2017-04-22 11:48:27 INFO  RequestProviderImpl:87 - found processor 
2017-04-22 11:48:27 DEBUG AjaxFormValidation:44 - ajax entityId: null
2017-04-22 11:48:38 DEBUG EncodingFilter:23 - encoding: current language null
2017-04-22 11:48:38 INFO  FrontController:32 - user POST
2017-04-22 11:48:38 INFO  RequestProviderImpl:87 - found processor 
2017-04-22 11:48:38 DEBUG AjaxFormValidation:44 - ajax entityId: null
2017-04-22 11:48:42 DEBUG EncodingFilter:23 - encoding: current language null
2017-04-22 11:48:42 INFO  FrontController:32 - user POST
2017-04-22 11:48:42 INFO  RequestProviderImpl:87 - found processor 
2017-04-22 11:48:42 DEBUG AjaxFormValidation:44 - ajax entityId: null
2017-04-22 11:48:44 DEBUG EncodingFilter:23 - encoding: current language null
2017-04-22 11:48:44 INFO  FrontController:32 - user POST
2017-04-22 11:48:44 INFO  RequestProviderImpl:87 - found processor 
2017-04-22 11:48:44 DEBUG CreateUser:94 - user is builded user: 
2017-04-22 11:48:44 DEBUG CreateUser:95 - User{id=null,username='user5' firstName='null', lastName='null', email='user5@gmail.com', address='null',  role=null}
2017-04-22 11:48:55 DEBUG EncodingFilter:23 - encoding: current language null
2017-04-22 11:48:55 INFO  FrontController:32 - user POST
2017-04-22 11:48:55 INFO  RequestProviderImpl:87 - found processor 
2017-04-22 11:48:55 INFO  UserServiceImpl:39 - setting role to user: user5
2017-04-22 11:48:55 DEBUG UserServiceImpl:43 - User{id=6,username='user5' firstName='null', lastName='null', email='user5@gmail.com', address='null',  role=subscriber}
2017-04-22 11:48:55 DEBUG SignIn:74 - User{id=6,username='user5' firstName='null', lastName='null', email='user5@gmail.com', address='null',  role=subscriber}
2017-04-22 11:48:55 INFO  SignIn:47 - after verifying users data
2017-04-22 11:48:55 INFO  UserServiceImpl:39 - setting role to user: user5
2017-04-22 11:48:55 DEBUG UserServiceImpl:43 - User{id=6,username='user5' firstName='null', lastName='null', email='user5@gmail.com', address='null',  role=subscriber}
2017-04-22 11:48:55 INFO  SignIn:49 - got redirect
2017-04-22 11:48:55 DEBUG EncodingFilter:23 - encoding: current language null
2017-04-22 11:48:55 INFO  HttpUtil:72 - getting user for session: 00392F1B3A2765A5183315D917B765EC
2017-04-22 11:48:55 INFO  UserServiceImpl:39 - setting role to user: user5
2017-04-22 11:48:55 DEBUG UserServiceImpl:43 - User{id=6,username='user5' firstName='null', lastName='null', email='user5@gmail.com', address='null',  role=subscriber}
2017-04-22 11:48:55 INFO  FrontController:26 - user GET
2017-04-22 11:48:55 INFO  RequestProviderImpl:87 - found processor 
2017-04-22 11:48:55 INFO  HttpUtil:72 - getting user for session: 00392F1B3A2765A5183315D917B765EC
2017-04-22 11:48:56 DEBUG AuthorizationTag:29 - User{id=6,username='user5' firstName='null', lastName='null', email='user5@gmail.com', address='null',  role=subscriber}
2017-04-22 11:48:56 DEBUG AuthorizationTag:29 - User{id=6,username='user5' firstName='null', lastName='null', email='user5@gmail.com', address='null',  role=subscriber}
2017-04-22 11:48:59 DEBUG EncodingFilter:23 - encoding: current language null
2017-04-22 11:48:59 INFO  HttpUtil:72 - getting user for session: 00392F1B3A2765A5183315D917B765EC
2017-04-22 11:48:59 INFO  UserServiceImpl:39 - setting role to user: user5
2017-04-22 11:48:59 DEBUG UserServiceImpl:43 - User{id=6,username='user5' firstName='null', lastName='null', email='user5@gmail.com', address='null',  role=subscriber}
2017-04-22 11:48:59 INFO  FrontController:26 - user GET
2017-04-22 11:48:59 INFO  RequestProviderImpl:87 - found processor 
2017-04-22 11:49:00 DEBUG AuthorizationTag:29 - User{id=6,username='user5' firstName='null', lastName='null', email='user5@gmail.com', address='null',  role=subscriber}
2017-04-22 11:49:00 DEBUG AuthorizationTag:29 - User{id=6,username='user5' firstName='null', lastName='null', email='user5@gmail.com', address='null',  role=subscriber}
2017-04-22 11:49:00 DEBUG AuthorizationTag:29 - User{id=6,username='user5' firstName='null', lastName='null', email='user5@gmail.com', address='null',  role=subscriber}
2017-04-22 11:49:00 DEBUG AuthorizationTag:29 - User{id=6,username='user5' firstName='null', lastName='null', email='user5@gmail.com', address='null',  role=subscriber}
2017-04-22 11:49:00 DEBUG AuthorizationTag:29 - User{id=6,username='user5' firstName='null', lastName='null', email='user5@gmail.com', address='null',  role=subscriber}
2017-04-22 11:49:00 DEBUG AuthorizationTag:29 - User{id=6,username='user5' firstName='null', lastName='null', email='user5@gmail.com', address='null',  role=subscriber}
2017-04-22 11:49:00 DEBUG AuthorizationTag:29 - User{id=6,username='user5' firstName='null', lastName='null', email='user5@gmail.com', address='null',  role=subscriber}
2017-04-22 11:49:00 DEBUG AuthorizationTag:29 - User{id=6,username='user5' firstName='null', lastName='null', email='user5@gmail.com', address='null',  role=subscriber}
2017-04-22 11:49:09 DEBUG EncodingFilter:23 - encoding: current language null
2017-04-22 11:49:09 INFO  HttpUtil:72 - getting user for session: 00392F1B3A2765A5183315D917B765EC
2017-04-22 11:49:09 INFO  UserServiceImpl:39 - setting role to user: user5
2017-04-22 11:49:09 DEBUG UserServiceImpl:43 - User{id=6,username='user5' firstName='null', lastName='null', email='user5@gmail.com', address='null',  role=subscriber}
2017-04-22 11:49:09 INFO  FrontController:26 - user GET
2017-04-22 11:49:09 INFO  RequestProviderImpl:87 - found processor 
2017-04-22 11:49:09 INFO  HttpUtil:72 - getting user for session: 00392F1B3A2765A5183315D917B765EC
2017-04-22 11:49:09 INFO  UserServiceImpl:39 - setting role to user: user5
2017-04-22 11:49:09 DEBUG UserServiceImpl:43 - User{id=6,username='user5' firstName='null', lastName='null', email='user5@gmail.com', address='null',  role=subscriber}
2017-04-22 11:49:10 DEBUG AuthorizationTag:29 - User{id=6,username='user5' firstName='null', lastName='null', email='user5@gmail.com', address='null',  role=subscriber}
2017-04-22 11:49:10 DEBUG AuthorizationTag:29 - User{id=6,username='user5' firstName='null', lastName='null', email='user5@gmail.com', address='null',  role=subscriber}
2017-04-22 11:49:10 DEBUG AuthorizationTag:29 - User{id=6,username='user5' firstName='null', lastName='null', email='user5@gmail.com', address='null',  role=subscriber}
2017-04-22 11:49:10 DEBUG AuthorizationTag:29 - User{id=6,username='user5' firstName='null', lastName='null', email='user5@gmail.com', address='null',  role=subscriber}
2017-04-22 11:49:10 DEBUG AuthorizationTag:29 - User{id=6,username='user5' firstName='null', lastName='null', email='user5@gmail.com', address='null',  role=subscriber}
2017-04-22 11:49:12 DEBUG EncodingFilter:23 - encoding: current language null
2017-04-22 11:49:12 INFO  HttpUtil:72 - getting user for session: 00392F1B3A2765A5183315D917B765EC
2017-04-22 11:49:12 INFO  UserServiceImpl:39 - setting role to user: user5
2017-04-22 11:49:12 DEBUG UserServiceImpl:43 - User{id=6,username='user5' firstName='null', lastName='null', email='user5@gmail.com', address='null',  role=subscriber}
2017-04-22 11:49:12 INFO  HttpUtil:72 - getting user for session: 00392F1B3A2765A5183315D917B765EC
2017-04-22 11:49:12 INFO  FrontController:32 - user POST
2017-04-22 11:49:12 INFO  RequestProviderImpl:87 - found processor 
2017-04-22 11:49:12 DEBUG EncodingFilter:23 - encoding: current language null
2017-04-22 11:49:12 INFO  HttpUtil:72 - getting user for session: 00392F1B3A2765A5183315D917B765EC
2017-04-22 11:49:12 INFO  UserServiceImpl:39 - setting role to user: user5
2017-04-22 11:49:12 DEBUG UserServiceImpl:43 - User{id=6,username='user5' firstName='null', lastName='null', email='user5@gmail.com', address='null',  role=subscriber}
2017-04-22 11:49:12 INFO  FrontController:26 - user GET
2017-04-22 11:49:12 INFO  RequestProviderImpl:87 - found processor 
2017-04-22 11:49:12 INFO  HttpUtil:72 - getting user for session: 00392F1B3A2765A5183315D917B765EC
2017-04-22 11:49:12 INFO  UserServiceImpl:39 - setting role to user: user5
2017-04-22 11:49:12 DEBUG UserServiceImpl:43 - User{id=6,username='user5' firstName='null', lastName='null', email='user5@gmail.com', address='null',  role=subscriber}
2017-04-22 11:49:12 DEBUG AuthorizationTag:29 - User{id=6,username='user5' firstName='null', lastName='null', email='user5@gmail.com', address='null',  role=subscriber}
2017-04-22 11:49:12 DEBUG AuthorizationTag:29 - User{id=6,username='user5' firstName='null', lastName='null', email='user5@gmail.com', address='null',  role=subscriber}
2017-04-22 11:49:12 DEBUG AuthorizationTag:29 - User{id=6,username='user5' firstName='null', lastName='null', email='user5@gmail.com', address='null',  role=subscriber}
2017-04-22 11:49:12 DEBUG AuthorizationTag:29 - User{id=6,username='user5' firstName='null', lastName='null', email='user5@gmail.com', address='null',  role=subscriber}
2017-04-22 11:49:12 DEBUG AuthorizationTag:29 - User{id=6,username='user5' firstName='null', lastName='null', email='user5@gmail.com', address='null',  role=subscriber}
2017-04-22 11:49:16 DEBUG EncodingFilter:23 - encoding: current language null
2017-04-22 11:49:16 INFO  HttpUtil:72 - getting user for session: 00392F1B3A2765A5183315D917B765EC
2017-04-22 11:49:16 INFO  UserServiceImpl:39 - setting role to user: user5
2017-04-22 11:49:16 DEBUG UserServiceImpl:43 - User{id=6,username='user5' firstName='null', lastName='null', email='user5@gmail.com', address='null',  role=subscriber}
2017-04-22 11:49:16 INFO  FrontController:26 - user GET
2017-04-22 11:49:16 INFO  RequestProviderImpl:87 - found processor 
2017-04-22 11:49:16 DEBUG AuthorizationTag:29 - User{id=6,username='user5' firstName='null', lastName='null', email='user5@gmail.com', address='null',  role=subscriber}
2017-04-22 11:49:16 DEBUG AuthorizationTag:29 - User{id=6,username='user5' firstName='null', lastName='null', email='user5@gmail.com', address='null',  role=subscriber}
2017-04-22 11:49:16 DEBUG AuthorizationTag:29 - User{id=6,username='user5' firstName='null', lastName='null', email='user5@gmail.com', address='null',  role=subscriber}
2017-04-22 11:49:16 DEBUG AuthorizationTag:29 - User{id=6,username='user5' firstName='null', lastName='null', email='user5@gmail.com', address='null',  role=subscriber}
2017-04-22 11:49:16 DEBUG AuthorizationTag:29 - User{id=6,username='user5' firstName='null', lastName='null', email='user5@gmail.com', address='null',  role=subscriber}
2017-04-22 11:49:16 DEBUG AuthorizationTag:29 - User{id=6,username='user5' firstName='null', lastName='null', email='user5@gmail.com', address='null',  role=subscriber}
2017-04-22 11:49:16 DEBUG AuthorizationTag:29 - User{id=6,username='user5' firstName='null', lastName='null', email='user5@gmail.com', address='null',  role=subscriber}
2017-04-22 11:49:16 DEBUG AuthorizationTag:29 - User{id=6,username='user5' firstName='null', lastName='null', email='user5@gmail.com', address='null',  role=subscriber}
2017-04-22 11:49:17 DEBUG EncodingFilter:23 - encoding: current language null
2017-04-22 11:49:17 INFO  HttpUtil:72 - getting user for session: 00392F1B3A2765A5183315D917B765EC
2017-04-22 11:49:17 INFO  UserServiceImpl:39 - setting role to user: user5
2017-04-22 11:49:17 DEBUG UserServiceImpl:43 - User{id=6,username='user5' firstName='null', lastName='null', email='user5@gmail.com', address='null',  role=subscriber}
2017-04-22 11:49:17 INFO  FrontController:26 - user GET
2017-04-22 11:49:17 INFO  RequestProviderImpl:87 - found processor 
2017-04-22 11:49:17 INFO  HttpUtil:72 - getting user for session: 00392F1B3A2765A5183315D917B765EC
2017-04-22 11:49:17 DEBUG AuthorizationTag:29 - User{id=6,username='user5' firstName='null', lastName='null', email='user5@gmail.com', address='null',  role=subscriber}
2017-04-22 11:49:17 DEBUG AuthorizationTag:29 - User{id=6,username='user5' firstName='null', lastName='null', email='user5@gmail.com', address='null',  role=subscriber}
2017-04-22 13:17:30 DEBUG ConnectionPoolProvider:42 - getting pool impl url: jdbc:mysql://localhost:3306/webproject db name: webproject
2017-04-22 13:17:32 ERROR InvoiceServiceImpl:92 - transaction failed
2017-04-22 13:17:32 INFO  UserServiceImpl:39 - setting role to user: null
2017-04-22 13:17:32 DEBUG UserServiceImpl:43 - Mock for User, hashCode: 100929741
2017-04-22 13:21:39 DEBUG ConnectionPoolProvider:42 - getting pool impl url: jdbc:mysql://localhost:3306/webproject db name: webproject
2017-04-22 13:21:40 ERROR InvoiceServiceImpl:92 - transaction failed
2017-04-22 13:21:41 INFO  UserServiceImpl:39 - setting role to user: null
2017-04-22 13:21:41 DEBUG UserServiceImpl:43 - Mock for User, hashCode: 100929741
2017-04-22 13:24:46 DEBUG ConnectionPoolProvider:42 - getting pool impl url: jdbc:mysql://localhost:3306/webproject db name: webproject
2017-04-22 13:24:48 ERROR InvoiceServiceImpl:92 - transaction failed
2017-04-22 13:24:48 INFO  UserServiceImpl:39 - setting role to user: null
2017-04-22 13:24:48 DEBUG UserServiceImpl:43 - Mock for User, hashCode: 100929741
2017-04-22 13:25:45 DEBUG ConnectionPoolProvider:42 - getting pool impl url: jdbc:mysql://localhost:3306/webproject db name: webproject
2017-04-22 13:25:46 ERROR InvoiceServiceImpl:92 - transaction failed
2017-04-22 13:25:47 INFO  UserServiceImpl:39 - setting role to user: null
2017-04-22 13:25:47 DEBUG UserServiceImpl:43 - Mock for User, hashCode: 100929741
2017-04-22 13:27:21 DEBUG ConnectionPoolProvider:42 - getting pool impl url: jdbc:mysql://localhost:3306/webproject db name: webproject
2017-04-22 13:27:22 ERROR InvoiceServiceImpl:92 - transaction failed
2017-04-22 13:27:22 INFO  UserServiceImpl:39 - setting role to user: null
2017-04-22 13:27:22 DEBUG UserServiceImpl:43 - Mock for User, hashCode: 100929741
2017-04-22 13:28:21 DEBUG ConnectionPoolProvider:42 - getting pool impl url: jdbc:mysql://localhost:3306/webproject db name: webproject
2017-04-22 13:28:23 ERROR InvoiceServiceImpl:92 - transaction failed
2017-04-22 13:28:23 INFO  UserServiceImpl:39 - setting role to user: null
2017-04-22 13:28:23 DEBUG UserServiceImpl:43 - Mock for User, hashCode: 100929741
